2025-08-25T15:12:33: C:\PROGRAM FILES\NODEJS\NPM.CMD:1
2025-08-25T15:12:33: :: Created by npm, please don't edit manually.
2025-08-25T15:12:33: ^
2025-08-25T15:12:33: 
2025-08-25T15:12:33: SyntaxError: Unexpected token ':'
2025-08-25T15:12:33:     at internalCompileFunction (node:internal/vm:77:18)
2025-08-25T15:12:33:     at wrapSafe (node:internal/modules/cjs/loader:1288:20)
2025-08-25T15:12:33:     at Module._compile (node:internal/modules/cjs/loader:1340:27)
2025-08-25T15:12:33:     at Module._extensions..js (node:internal/modules/cjs/loader:1435:10)
2025-08-25T15:12:33:     at Module.load (node:internal/modules/cjs/loader:1207:32)
2025-08-25T15:12:33:     at Module._load (node:internal/modules/cjs/loader:1023:12)
2025-08-25T15:12:33:     at Function.executeUserEntryPoint [as runMain] (node:internal/modules/run_main:135:12)
2025-08-25T15:12:33:     at node:internal/main/run_main_module:28:49
2025-08-25T15:12:33: 
2025-08-25T15:12:33: Node.js v20.11.1
2025-08-25T15:12:33: C:\PROGRAM FILES\NODEJS\NPM.CMD:1
2025-08-25T15:12:33: :: Created by npm, please don't edit manually.
2025-08-25T15:12:33: ^
2025-08-25T15:12:33: 
2025-08-25T15:12:33: SyntaxError: Unexpected token ':'
2025-08-25T15:12:33:     at internalCompileFunction (node:internal/vm:77:18)
2025-08-25T15:12:33:     at wrapSafe (node:internal/modules/cjs/loader:1288:20)
2025-08-25T15:12:33:     at Module._compile (node:internal/modules/cjs/loader:1340:27)
2025-08-25T15:12:33:     at Module._extensions..js (node:internal/modules/cjs/loader:1435:10)
2025-08-25T15:12:33:     at Module.load (node:internal/modules/cjs/loader:1207:32)
2025-08-25T15:12:33:     at Module._load (node:internal/modules/cjs/loader:1023:12)
2025-08-25T15:12:33:     at Function.executeUserEntryPoint [as runMain] (node:internal/modules/run_main:135:12)
2025-08-25T15:12:33:     at node:internal/main/run_main_module:28:49
2025-08-25T15:12:33: 
2025-08-25T15:12:33: Node.js v20.11.1
2025-08-25T15:12:33: C:\PROGRAM FILES\NODEJS\NPM.CMD:1
2025-08-25T15:12:33: :: Created by npm, please don't edit manually.
2025-08-25T15:12:33: ^
2025-08-25T15:12:33: 
2025-08-25T15:12:33: SyntaxError: Unexpected token ':'
2025-08-25T15:12:33:     at internalCompileFunction (node:internal/vm:77:18)
2025-08-25T15:12:33:     at wrapSafe (node:internal/modules/cjs/loader:1288:20)
2025-08-25T15:12:33:     at Module._compile (node:internal/modules/cjs/loader:1340:27)
2025-08-25T15:12:33:     at Module._extensions..js (node:internal/modules/cjs/loader:1435:10)
2025-08-25T15:12:33:     at Module.load (node:internal/modules/cjs/loader:1207:32)
2025-08-25T15:12:33:     at Module._load (node:internal/modules/cjs/loader:1023:12)
2025-08-25T15:12:33:     at Function.executeUserEntryPoint [as runMain] (node:internal/modules/run_main:135:12)
2025-08-25T15:12:33:     at node:internal/main/run_main_module:28:49
2025-08-25T15:12:33: 
2025-08-25T15:12:33: Node.js v20.11.1
2025-08-25T15:12:33: C:\PROGRAM FILES\NODEJS\NPM.CMD:1
2025-08-25T15:12:33: :: Created by npm, please don't edit manually.
2025-08-25T15:12:33: ^
2025-08-25T15:12:33: 
2025-08-25T15:12:33: SyntaxError: Unexpected token ':'
2025-08-25T15:12:33:     at internalCompileFunction (node:internal/vm:77:18)
2025-08-25T15:12:33:     at wrapSafe (node:internal/modules/cjs/loader:1288:20)
2025-08-25T15:12:33:     at Module._compile (node:internal/modules/cjs/loader:1340:27)
2025-08-25T15:12:33:     at Module._extensions..js (node:internal/modules/cjs/loader:1435:10)
2025-08-25T15:12:33:     at Module.load (node:internal/modules/cjs/loader:1207:32)
2025-08-25T15:12:33:     at Module._load (node:internal/modules/cjs/loader:1023:12)
2025-08-25T15:12:33:     at Function.executeUserEntryPoint [as runMain] (node:internal/modules/run_main:135:12)
2025-08-25T15:12:33:     at node:internal/main/run_main_module:28:49
2025-08-25T15:12:33: 
2025-08-25T15:12:33: Node.js v20.11.1
2025-08-25T15:12:33: C:\PROGRAM FILES\NODEJS\NPM.CMD:1
2025-08-25T15:12:33: :: Created by npm, please don't edit manually.
2025-08-25T15:12:33: ^
2025-08-25T15:12:33: 
2025-08-25T15:12:33: SyntaxError: Unexpected token ':'
2025-08-25T15:12:33:     at internalCompileFunction (node:internal/vm:77:18)
2025-08-25T15:12:33:     at wrapSafe (node:internal/modules/cjs/loader:1288:20)
2025-08-25T15:12:33:     at Module._compile (node:internal/modules/cjs/loader:1340:27)
2025-08-25T15:12:33:     at Module._extensions..js (node:internal/modules/cjs/loader:1435:10)
2025-08-25T15:12:33:     at Module.load (node:internal/modules/cjs/loader:1207:32)
2025-08-25T15:12:33:     at Module._load (node:internal/modules/cjs/loader:1023:12)
2025-08-25T15:12:33:     at Function.executeUserEntryPoint [as runMain] (node:internal/modules/run_main:135:12)
2025-08-25T15:12:33:     at node:internal/main/run_main_module:28:49
2025-08-25T15:12:33: 
2025-08-25T15:12:33: Node.js v20.11.1
2025-08-25T15:12:33: C:\PROGRAM FILES\NODEJS\NPM.CMD:1
2025-08-25T15:12:33: :: Created by npm, please don't edit manually.
2025-08-25T15:12:33: ^
2025-08-25T15:12:33: 
2025-08-25T15:12:33: SyntaxError: Unexpected token ':'
2025-08-25T15:12:33:     at internalCompileFunction (node:internal/vm:77:18)
2025-08-25T15:12:33:     at wrapSafe (node:internal/modules/cjs/loader:1288:20)
2025-08-25T15:12:33:     at Module._compile (node:internal/modules/cjs/loader:1340:27)
2025-08-25T15:12:33:     at Module._extensions..js (node:internal/modules/cjs/loader:1435:10)
2025-08-25T15:12:33:     at Module.load (node:internal/modules/cjs/loader:1207:32)
2025-08-25T15:12:33:     at Module._load (node:internal/modules/cjs/loader:1023:12)
2025-08-25T15:12:33:     at Function.executeUserEntryPoint [as runMain] (node:internal/modules/run_main:135:12)
2025-08-25T15:12:33:     at node:internal/main/run_main_module:28:49
2025-08-25T15:12:33: 
2025-08-25T15:12:33: Node.js v20.11.1
2025-08-25T15:12:33: C:\PROGRAM FILES\NODEJS\NPM.CMD:1
2025-08-25T15:12:33: :: Created by npm, please don't edit manually.
2025-08-25T15:12:33: ^
2025-08-25T15:12:33: 
2025-08-25T15:12:33: SyntaxError: Unexpected token ':'
2025-08-25T15:12:33:     at internalCompileFunction (node:internal/vm:77:18)
2025-08-25T15:12:33:     at wrapSafe (node:internal/modules/cjs/loader:1288:20)
2025-08-25T15:12:33:     at Module._compile (node:internal/modules/cjs/loader:1340:27)
2025-08-25T15:12:33:     at Module._extensions..js (node:internal/modules/cjs/loader:1435:10)
2025-08-25T15:12:33:     at Module.load (node:internal/modules/cjs/loader:1207:32)
2025-08-25T15:12:33:     at Module._load (node:internal/modules/cjs/loader:1023:12)
2025-08-25T15:12:33:     at Function.executeUserEntryPoint [as runMain] (node:internal/modules/run_main:135:12)
2025-08-25T15:12:33:     at node:internal/main/run_main_module:28:49
2025-08-25T15:12:33: 
2025-08-25T15:12:33: Node.js v20.11.1
2025-08-25T15:12:33: C:\PROGRAM FILES\NODEJS\NPM.CMD:1
2025-08-25T15:12:33: :: Created by npm, please don't edit manually.
2025-08-25T15:12:33: ^
2025-08-25T15:12:33: 
2025-08-25T15:12:33: SyntaxError: Unexpected token ':'
2025-08-25T15:12:33:     at internalCompileFunction (node:internal/vm:77:18)
2025-08-25T15:12:33:     at wrapSafe (node:internal/modules/cjs/loader:1288:20)
2025-08-25T15:12:33:     at Module._compile (node:internal/modules/cjs/loader:1340:27)
2025-08-25T15:12:33:     at Module._extensions..js (node:internal/modules/cjs/loader:1435:10)
2025-08-25T15:12:33:     at Module.load (node:internal/modules/cjs/loader:1207:32)
2025-08-25T15:12:33:     at Module._load (node:internal/modules/cjs/loader:1023:12)
2025-08-25T15:12:33:     at Function.executeUserEntryPoint [as runMain] (node:internal/modules/run_main:135:12)
2025-08-25T15:12:33:     at node:internal/main/run_main_module:28:49
2025-08-25T15:12:33: 
2025-08-25T15:12:33: Node.js v20.11.1
2025-08-25T15:12:34: C:\PROGRAM FILES\NODEJS\NPM.CMD:1
2025-08-25T15:12:34: :: Created by npm, please don't edit manually.
2025-08-25T15:12:34: ^
2025-08-25T15:12:34: 
2025-08-25T15:12:34: SyntaxError: Unexpected token ':'
2025-08-25T15:12:34:     at internalCompileFunction (node:internal/vm:77:18)
2025-08-25T15:12:34:     at wrapSafe (node:internal/modules/cjs/loader:1288:20)
2025-08-25T15:12:34:     at Module._compile (node:internal/modules/cjs/loader:1340:27)
2025-08-25T15:12:34:     at Module._extensions..js (node:internal/modules/cjs/loader:1435:10)
2025-08-25T15:12:34:     at Module.load (node:internal/modules/cjs/loader:1207:32)
2025-08-25T15:12:34:     at Module._load (node:internal/modules/cjs/loader:1023:12)
2025-08-25T15:12:34:     at Function.executeUserEntryPoint [as runMain] (node:internal/modules/run_main:135:12)
2025-08-25T15:12:34:     at node:internal/main/run_main_module:28:49
2025-08-25T15:12:34: 
2025-08-25T15:12:34: Node.js v20.11.1
2025-08-25T15:12:34: C:\PROGRAM FILES\NODEJS\NPM.CMD:1
2025-08-25T15:12:34: :: Created by npm, please don't edit manually.
2025-08-25T15:12:34: ^
2025-08-25T15:12:34: 
2025-08-25T15:12:34: SyntaxError: Unexpected token ':'
2025-08-25T15:12:34:     at internalCompileFunction (node:internal/vm:77:18)
2025-08-25T15:12:34:     at wrapSafe (node:internal/modules/cjs/loader:1288:20)
2025-08-25T15:12:34:     at Module._compile (node:internal/modules/cjs/loader:1340:27)
2025-08-25T15:12:34:     at Module._extensions..js (node:internal/modules/cjs/loader:1435:10)
2025-08-25T15:12:34:     at Module.load (node:internal/modules/cjs/loader:1207:32)
2025-08-25T15:12:34:     at Module._load (node:internal/modules/cjs/loader:1023:12)
2025-08-25T15:12:34:     at Function.executeUserEntryPoint [as runMain] (node:internal/modules/run_main:135:12)
2025-08-25T15:12:34:     at node:internal/main/run_main_module:28:49
2025-08-25T15:12:34: 
2025-08-25T15:12:34: Node.js v20.11.1
2025-08-25T15:13:30: C:\PROGRAM FILES\NODEJS\NPM.CMD:1
2025-08-25T15:13:30: :: Created by npm, please don't edit manually.
2025-08-25T15:13:30: ^
2025-08-25T15:13:30: 
2025-08-25T15:13:30: SyntaxError: Unexpected token ':'
2025-08-25T15:13:30:     at internalCompileFunction (node:internal/vm:77:18)
2025-08-25T15:13:30:     at wrapSafe (node:internal/modules/cjs/loader:1288:20)
2025-08-25T15:13:30:     at Module._compile (node:internal/modules/cjs/loader:1340:27)
2025-08-25T15:13:30:     at Module._extensions..js (node:internal/modules/cjs/loader:1435:10)
2025-08-25T15:13:30:     at Module.load (node:internal/modules/cjs/loader:1207:32)
2025-08-25T15:13:30:     at Module._load (node:internal/modules/cjs/loader:1023:12)
2025-08-25T15:13:30:     at Function.executeUserEntryPoint [as runMain] (node:internal/modules/run_main:135:12)
2025-08-25T15:13:30:     at node:internal/main/run_main_module:28:49
2025-08-25T15:13:30: 
2025-08-25T15:13:30: Node.js v20.11.1
2025-08-25T15:13:30: C:\PROGRAM FILES\NODEJS\NPM.CMD:1
2025-08-25T15:13:30: :: Created by npm, please don't edit manually.
2025-08-25T15:13:30: ^
2025-08-25T15:13:30: 
2025-08-25T15:13:30: SyntaxError: Unexpected token ':'
2025-08-25T15:13:30:     at internalCompileFunction (node:internal/vm:77:18)
2025-08-25T15:13:30:     at wrapSafe (node:internal/modules/cjs/loader:1288:20)
2025-08-25T15:13:30:     at Module._compile (node:internal/modules/cjs/loader:1340:27)
2025-08-25T15:13:30:     at Module._extensions..js (node:internal/modules/cjs/loader:1435:10)
2025-08-25T15:13:30:     at Module.load (node:internal/modules/cjs/loader:1207:32)
2025-08-25T15:13:30:     at Module._load (node:internal/modules/cjs/loader:1023:12)
2025-08-25T15:13:30:     at Function.executeUserEntryPoint [as runMain] (node:internal/modules/run_main:135:12)
2025-08-25T15:13:30:     at node:internal/main/run_main_module:28:49
2025-08-25T15:13:30: 
2025-08-25T15:13:30: Node.js v20.11.1
2025-08-25T15:13:30: C:\PROGRAM FILES\NODEJS\NPM.CMD:1
2025-08-25T15:13:30: :: Created by npm, please don't edit manually.
2025-08-25T15:13:30: ^
2025-08-25T15:13:30: 
2025-08-25T15:13:30: SyntaxError: Unexpected token ':'
2025-08-25T15:13:30:     at internalCompileFunction (node:internal/vm:77:18)
2025-08-25T15:13:30:     at wrapSafe (node:internal/modules/cjs/loader:1288:20)
2025-08-25T15:13:30:     at Module._compile (node:internal/modules/cjs/loader:1340:27)
2025-08-25T15:13:30:     at Module._extensions..js (node:internal/modules/cjs/loader:1435:10)
2025-08-25T15:13:30:     at Module.load (node:internal/modules/cjs/loader:1207:32)
2025-08-25T15:13:30:     at Module._load (node:internal/modules/cjs/loader:1023:12)
2025-08-25T15:13:30:     at Function.executeUserEntryPoint [as runMain] (node:internal/modules/run_main:135:12)
2025-08-25T15:13:30:     at node:internal/main/run_main_module:28:49
2025-08-25T15:13:30: 
2025-08-25T15:13:30: Node.js v20.11.1
2025-08-25T15:13:30: C:\PROGRAM FILES\NODEJS\NPM.CMD:1
2025-08-25T15:13:30: :: Created by npm, please don't edit manually.
2025-08-25T15:13:30: ^
2025-08-25T15:13:30: 
2025-08-25T15:13:30: SyntaxError: Unexpected token ':'
2025-08-25T15:13:30:     at internalCompileFunction (node:internal/vm:77:18)
2025-08-25T15:13:30:     at wrapSafe (node:internal/modules/cjs/loader:1288:20)
2025-08-25T15:13:30:     at Module._compile (node:internal/modules/cjs/loader:1340:27)
2025-08-25T15:13:30:     at Module._extensions..js (node:internal/modules/cjs/loader:1435:10)
2025-08-25T15:13:30:     at Module.load (node:internal/modules/cjs/loader:1207:32)
2025-08-25T15:13:30:     at Module._load (node:internal/modules/cjs/loader:1023:12)
2025-08-25T15:13:30:     at Function.executeUserEntryPoint [as runMain] (node:internal/modules/run_main:135:12)
2025-08-25T15:13:30:     at node:internal/main/run_main_module:28:49
2025-08-25T15:13:30: 
2025-08-25T15:13:30: Node.js v20.11.1
2025-08-25T15:13:30: C:\PROGRAM FILES\NODEJS\NPM.CMD:1
2025-08-25T15:13:30: :: Created by npm, please don't edit manually.
2025-08-25T15:13:30: ^
2025-08-25T15:13:30: 
2025-08-25T15:13:30: SyntaxError: Unexpected token ':'
2025-08-25T15:13:30:     at internalCompileFunction (node:internal/vm:77:18)
2025-08-25T15:13:30:     at wrapSafe (node:internal/modules/cjs/loader:1288:20)
2025-08-25T15:13:30:     at Module._compile (node:internal/modules/cjs/loader:1340:27)
2025-08-25T15:13:30:     at Module._extensions..js (node:internal/modules/cjs/loader:1435:10)
2025-08-25T15:13:30:     at Module.load (node:internal/modules/cjs/loader:1207:32)
2025-08-25T15:13:30:     at Module._load (node:internal/modules/cjs/loader:1023:12)
2025-08-25T15:13:30:     at Function.executeUserEntryPoint [as runMain] (node:internal/modules/run_main:135:12)
2025-08-25T15:13:30:     at node:internal/main/run_main_module:28:49
2025-08-25T15:13:30: 
2025-08-25T15:13:30: Node.js v20.11.1
2025-08-25T15:13:30: C:\PROGRAM FILES\NODEJS\NPM.CMD:1
2025-08-25T15:13:30: :: Created by npm, please don't edit manually.
2025-08-25T15:13:30: ^
2025-08-25T15:13:30: 
2025-08-25T15:13:30: SyntaxError: Unexpected token ':'
2025-08-25T15:13:30:     at internalCompileFunction (node:internal/vm:77:18)
2025-08-25T15:13:30:     at wrapSafe (node:internal/modules/cjs/loader:1288:20)
2025-08-25T15:13:30:     at Module._compile (node:internal/modules/cjs/loader:1340:27)
2025-08-25T15:13:30:     at Module._extensions..js (node:internal/modules/cjs/loader:1435:10)
2025-08-25T15:13:30:     at Module.load (node:internal/modules/cjs/loader:1207:32)
2025-08-25T15:13:30:     at Module._load (node:internal/modules/cjs/loader:1023:12)
2025-08-25T15:13:30:     at Function.executeUserEntryPoint [as runMain] (node:internal/modules/run_main:135:12)
2025-08-25T15:13:30:     at node:internal/main/run_main_module:28:49
2025-08-25T15:13:30: 
2025-08-25T15:13:30: Node.js v20.11.1
2025-08-25T15:13:30: C:\PROGRAM FILES\NODEJS\NPM.CMD:1
2025-08-25T15:13:30: :: Created by npm, please don't edit manually.
2025-08-25T15:13:30: ^
2025-08-25T15:13:30: 
2025-08-25T15:13:30: SyntaxError: Unexpected token ':'
2025-08-25T15:13:30:     at internalCompileFunction (node:internal/vm:77:18)
2025-08-25T15:13:30:     at wrapSafe (node:internal/modules/cjs/loader:1288:20)
2025-08-25T15:13:30:     at Module._compile (node:internal/modules/cjs/loader:1340:27)
2025-08-25T15:13:30:     at Module._extensions..js (node:internal/modules/cjs/loader:1435:10)
2025-08-25T15:13:30:     at Module.load (node:internal/modules/cjs/loader:1207:32)
2025-08-25T15:13:30:     at Module._load (node:internal/modules/cjs/loader:1023:12)
2025-08-25T15:13:30:     at Function.executeUserEntryPoint [as runMain] (node:internal/modules/run_main:135:12)
2025-08-25T15:13:30:     at node:internal/main/run_main_module:28:49
2025-08-25T15:13:30: 
2025-08-25T15:13:30: Node.js v20.11.1
2025-08-25T15:13:30: C:\PROGRAM FILES\NODEJS\NPM.CMD:1
2025-08-25T15:13:30: :: Created by npm, please don't edit manually.
2025-08-25T15:13:30: ^
2025-08-25T15:13:30: 
2025-08-25T15:13:30: SyntaxError: Unexpected token ':'
2025-08-25T15:13:30:     at internalCompileFunction (node:internal/vm:77:18)
2025-08-25T15:13:30:     at wrapSafe (node:internal/modules/cjs/loader:1288:20)
2025-08-25T15:13:30:     at Module._compile (node:internal/modules/cjs/loader:1340:27)
2025-08-25T15:13:30:     at Module._extensions..js (node:internal/modules/cjs/loader:1435:10)
2025-08-25T15:13:30:     at Module.load (node:internal/modules/cjs/loader:1207:32)
2025-08-25T15:13:30:     at Module._load (node:internal/modules/cjs/loader:1023:12)
2025-08-25T15:13:30:     at Function.executeUserEntryPoint [as runMain] (node:internal/modules/run_main:135:12)
2025-08-25T15:13:30:     at node:internal/main/run_main_module:28:49
2025-08-25T15:13:30: 
2025-08-25T15:13:30: Node.js v20.11.1
2025-08-25T15:13:30: C:\PROGRAM FILES\NODEJS\NPM.CMD:1
2025-08-25T15:13:30: :: Created by npm, please don't edit manually.
2025-08-25T15:13:30: ^
2025-08-25T15:13:30: 
2025-08-25T15:13:30: SyntaxError: Unexpected token ':'
2025-08-25T15:13:30:     at internalCompileFunction (node:internal/vm:77:18)
2025-08-25T15:13:30:     at wrapSafe (node:internal/modules/cjs/loader:1288:20)
2025-08-25T15:13:30:     at Module._compile (node:internal/modules/cjs/loader:1340:27)
2025-08-25T15:13:30:     at Module._extensions..js (node:internal/modules/cjs/loader:1435:10)
2025-08-25T15:13:30:     at Module.load (node:internal/modules/cjs/loader:1207:32)
2025-08-25T15:13:30:     at Module._load (node:internal/modules/cjs/loader:1023:12)
2025-08-25T15:13:30:     at Function.executeUserEntryPoint [as runMain] (node:internal/modules/run_main:135:12)
2025-08-25T15:13:30:     at node:internal/main/run_main_module:28:49
2025-08-25T15:13:30: 
2025-08-25T15:13:30: Node.js v20.11.1
2025-08-25T15:13:30: C:\PROGRAM FILES\NODEJS\NPM.CMD:1
2025-08-25T15:13:30: :: Created by npm, please don't edit manually.
2025-08-25T15:13:30: ^
2025-08-25T15:13:30: 
2025-08-25T15:13:30: SyntaxError: Unexpected token ':'
2025-08-25T15:13:30:     at internalCompileFunction (node:internal/vm:77:18)
2025-08-25T15:13:30:     at wrapSafe (node:internal/modules/cjs/loader:1288:20)
2025-08-25T15:13:30:     at Module._compile (node:internal/modules/cjs/loader:1340:27)
2025-08-25T15:13:30:     at Module._extensions..js (node:internal/modules/cjs/loader:1435:10)
2025-08-25T15:13:30:     at Module.load (node:internal/modules/cjs/loader:1207:32)
2025-08-25T15:13:30:     at Module._load (node:internal/modules/cjs/loader:1023:12)
2025-08-25T15:13:30:     at Function.executeUserEntryPoint [as runMain] (node:internal/modules/run_main:135:12)
2025-08-25T15:13:30:     at node:internal/main/run_main_module:28:49
2025-08-25T15:13:30: 
2025-08-25T15:13:30: Node.js v20.11.1
2025-08-25T15:14:12: c:\projetos\mvp28\node_modules\.bin\next:2
2025-08-25T15:14:12: basedir=$(dirname "$(echo "$0" | sed -e 's,\\,/,g')")
2025-08-25T15:14:12:           ^^^^^^^
2025-08-25T15:14:12: 
2025-08-25T15:14:12: SyntaxError: missing ) after argument list
2025-08-25T15:14:12:     at internalCompileFunction (node:internal/vm:77:18)
2025-08-25T15:14:12:     at wrapSafe (node:internal/modules/cjs/loader:1288:20)
2025-08-25T15:14:12:     at Module._compile (node:internal/modules/cjs/loader:1340:27)
2025-08-25T15:14:12:     at Module._extensions..js (node:internal/modules/cjs/loader:1435:10)
2025-08-25T15:14:12:     at Module.load (node:internal/modules/cjs/loader:1207:32)
2025-08-25T15:14:12:     at Module._load (node:internal/modules/cjs/loader:1023:12)
2025-08-25T15:14:12:     at Function.executeUserEntryPoint [as runMain] (node:internal/modules/run_main:135:12)
2025-08-25T15:14:12:     at node:internal/main/run_main_module:28:49
2025-08-25T15:14:12: 
2025-08-25T15:14:12: Node.js v20.11.1
2025-08-25T15:14:12: c:\projetos\mvp28\node_modules\.bin\next:2
2025-08-25T15:14:12: basedir=$(dirname "$(echo "$0" | sed -e 's,\\,/,g')")
2025-08-25T15:14:12:           ^^^^^^^
2025-08-25T15:14:12: 
2025-08-25T15:14:12: SyntaxError: missing ) after argument list
2025-08-25T15:14:12:     at internalCompileFunction (node:internal/vm:77:18)
2025-08-25T15:14:12:     at wrapSafe (node:internal/modules/cjs/loader:1288:20)
2025-08-25T15:14:12:     at Module._compile (node:internal/modules/cjs/loader:1340:27)
2025-08-25T15:14:12:     at Module._extensions..js (node:internal/modules/cjs/loader:1435:10)
2025-08-25T15:14:12:     at Module.load (node:internal/modules/cjs/loader:1207:32)
2025-08-25T15:14:12:     at Module._load (node:internal/modules/cjs/loader:1023:12)
2025-08-25T15:14:12:     at Function.executeUserEntryPoint [as runMain] (node:internal/modules/run_main:135:12)
2025-08-25T15:14:12:     at node:internal/main/run_main_module:28:49
2025-08-25T15:14:12: 
2025-08-25T15:14:12: Node.js v20.11.1
2025-08-25T15:14:13: c:\projetos\mvp28\node_modules\.bin\next:2
2025-08-25T15:14:13: basedir=$(dirname "$(echo "$0" | sed -e 's,\\,/,g')")
2025-08-25T15:14:13:           ^^^^^^^
2025-08-25T15:14:13: 
2025-08-25T15:14:13: SyntaxError: missing ) after argument list
2025-08-25T15:14:13:     at internalCompileFunction (node:internal/vm:77:18)
2025-08-25T15:14:13:     at wrapSafe (node:internal/modules/cjs/loader:1288:20)
2025-08-25T15:14:13:     at Module._compile (node:internal/modules/cjs/loader:1340:27)
2025-08-25T15:14:13:     at Module._extensions..js (node:internal/modules/cjs/loader:1435:10)
2025-08-25T15:14:13:     at Module.load (node:internal/modules/cjs/loader:1207:32)
2025-08-25T15:14:13:     at Module._load (node:internal/modules/cjs/loader:1023:12)
2025-08-25T15:14:13:     at Function.executeUserEntryPoint [as runMain] (node:internal/modules/run_main:135:12)
2025-08-25T15:14:13:     at node:internal/main/run_main_module:28:49
2025-08-25T15:14:13: 
2025-08-25T15:14:13: Node.js v20.11.1
2025-08-25T15:14:13: c:\projetos\mvp28\node_modules\.bin\next:2
2025-08-25T15:14:13: basedir=$(dirname "$(echo "$0" | sed -e 's,\\,/,g')")
2025-08-25T15:14:13:           ^^^^^^^
2025-08-25T15:14:13: 
2025-08-25T15:14:13: SyntaxError: missing ) after argument list
2025-08-25T15:14:13:     at internalCompileFunction (node:internal/vm:77:18)
2025-08-25T15:14:13:     at wrapSafe (node:internal/modules/cjs/loader:1288:20)
2025-08-25T15:14:13:     at Module._compile (node:internal/modules/cjs/loader:1340:27)
2025-08-25T15:14:13:     at Module._extensions..js (node:internal/modules/cjs/loader:1435:10)
2025-08-25T15:14:13:     at Module.load (node:internal/modules/cjs/loader:1207:32)
2025-08-25T15:14:13:     at Module._load (node:internal/modules/cjs/loader:1023:12)
2025-08-25T15:14:13:     at Function.executeUserEntryPoint [as runMain] (node:internal/modules/run_main:135:12)
2025-08-25T15:14:13:     at node:internal/main/run_main_module:28:49
2025-08-25T15:14:13: 
2025-08-25T15:14:13: Node.js v20.11.1
2025-08-25T15:14:13: c:\projetos\mvp28\node_modules\.bin\next:2
2025-08-25T15:14:13: basedir=$(dirname "$(echo "$0" | sed -e 's,\\,/,g')")
2025-08-25T15:14:13:           ^^^^^^^
2025-08-25T15:14:13: 
2025-08-25T15:14:13: SyntaxError: missing ) after argument list
2025-08-25T15:14:13:     at internalCompileFunction (node:internal/vm:77:18)
2025-08-25T15:14:13:     at wrapSafe (node:internal/modules/cjs/loader:1288:20)
2025-08-25T15:14:13:     at Module._compile (node:internal/modules/cjs/loader:1340:27)
2025-08-25T15:14:13:     at Module._extensions..js (node:internal/modules/cjs/loader:1435:10)
2025-08-25T15:14:13:     at Module.load (node:internal/modules/cjs/loader:1207:32)
2025-08-25T15:14:13:     at Module._load (node:internal/modules/cjs/loader:1023:12)
2025-08-25T15:14:13:     at Function.executeUserEntryPoint [as runMain] (node:internal/modules/run_main:135:12)
2025-08-25T15:14:13:     at node:internal/main/run_main_module:28:49
2025-08-25T15:14:13: 
2025-08-25T15:14:13: Node.js v20.11.1
2025-08-25T15:14:13: c:\projetos\mvp28\node_modules\.bin\next:2
2025-08-25T15:14:13: basedir=$(dirname "$(echo "$0" | sed -e 's,\\,/,g')")
2025-08-25T15:14:13:           ^^^^^^^
2025-08-25T15:14:13: 
2025-08-25T15:14:13: SyntaxError: missing ) after argument list
2025-08-25T15:14:13:     at internalCompileFunction (node:internal/vm:77:18)
2025-08-25T15:14:13:     at wrapSafe (node:internal/modules/cjs/loader:1288:20)
2025-08-25T15:14:13:     at Module._compile (node:internal/modules/cjs/loader:1340:27)
2025-08-25T15:14:13:     at Module._extensions..js (node:internal/modules/cjs/loader:1435:10)
2025-08-25T15:14:13:     at Module.load (node:internal/modules/cjs/loader:1207:32)
2025-08-25T15:14:13:     at Module._load (node:internal/modules/cjs/loader:1023:12)
2025-08-25T15:14:13:     at Function.executeUserEntryPoint [as runMain] (node:internal/modules/run_main:135:12)
2025-08-25T15:14:13:     at node:internal/main/run_main_module:28:49
2025-08-25T15:14:13: 
2025-08-25T15:14:13: Node.js v20.11.1
2025-08-25T15:14:13: c:\projetos\mvp28\node_modules\.bin\next:2
2025-08-25T15:14:13: basedir=$(dirname "$(echo "$0" | sed -e 's,\\,/,g')")
2025-08-25T15:14:13:           ^^^^^^^
2025-08-25T15:14:13: 
2025-08-25T15:14:13: SyntaxError: missing ) after argument list
2025-08-25T15:14:13:     at internalCompileFunction (node:internal/vm:77:18)
2025-08-25T15:14:13:     at wrapSafe (node:internal/modules/cjs/loader:1288:20)
2025-08-25T15:14:13:     at Module._compile (node:internal/modules/cjs/loader:1340:27)
2025-08-25T15:14:13:     at Module._extensions..js (node:internal/modules/cjs/loader:1435:10)
2025-08-25T15:14:13:     at Module.load (node:internal/modules/cjs/loader:1207:32)
2025-08-25T15:14:13:     at Module._load (node:internal/modules/cjs/loader:1023:12)
2025-08-25T15:14:13:     at Function.executeUserEntryPoint [as runMain] (node:internal/modules/run_main:135:12)
2025-08-25T15:14:13:     at node:internal/main/run_main_module:28:49
2025-08-25T15:14:13: 
2025-08-25T15:14:13: Node.js v20.11.1
2025-08-25T15:14:13: c:\projetos\mvp28\node_modules\.bin\next:2
2025-08-25T15:14:13: basedir=$(dirname "$(echo "$0" | sed -e 's,\\,/,g')")
2025-08-25T15:14:13:           ^^^^^^^
2025-08-25T15:14:13: 
2025-08-25T15:14:13: SyntaxError: missing ) after argument list
2025-08-25T15:14:13:     at internalCompileFunction (node:internal/vm:77:18)
2025-08-25T15:14:13:     at wrapSafe (node:internal/modules/cjs/loader:1288:20)
2025-08-25T15:14:13:     at Module._compile (node:internal/modules/cjs/loader:1340:27)
2025-08-25T15:14:13:     at Module._extensions..js (node:internal/modules/cjs/loader:1435:10)
2025-08-25T15:14:13:     at Module.load (node:internal/modules/cjs/loader:1207:32)
2025-08-25T15:14:13:     at Module._load (node:internal/modules/cjs/loader:1023:12)
2025-08-25T15:14:13:     at Function.executeUserEntryPoint [as runMain] (node:internal/modules/run_main:135:12)
2025-08-25T15:14:13:     at node:internal/main/run_main_module:28:49
2025-08-25T15:14:13: 
2025-08-25T15:14:13: Node.js v20.11.1
2025-08-25T15:14:13: c:\projetos\mvp28\node_modules\.bin\next:2
2025-08-25T15:14:13: basedir=$(dirname "$(echo "$0" | sed -e 's,\\,/,g')")
2025-08-25T15:14:13:           ^^^^^^^
2025-08-25T15:14:13: 
2025-08-25T15:14:13: SyntaxError: missing ) after argument list
2025-08-25T15:14:13:     at internalCompileFunction (node:internal/vm:77:18)
2025-08-25T15:14:13:     at wrapSafe (node:internal/modules/cjs/loader:1288:20)
2025-08-25T15:14:13:     at Module._compile (node:internal/modules/cjs/loader:1340:27)
2025-08-25T15:14:13:     at Module._extensions..js (node:internal/modules/cjs/loader:1435:10)
2025-08-25T15:14:13:     at Module.load (node:internal/modules/cjs/loader:1207:32)
2025-08-25T15:14:13:     at Module._load (node:internal/modules/cjs/loader:1023:12)
2025-08-25T15:14:13:     at Function.executeUserEntryPoint [as runMain] (node:internal/modules/run_main:135:12)
2025-08-25T15:14:13:     at node:internal/main/run_main_module:28:49
2025-08-25T15:14:13: 
2025-08-25T15:14:13: Node.js v20.11.1
2025-08-25T15:14:13: c:\projetos\mvp28\node_modules\.bin\next:2
2025-08-25T15:14:13: basedir=$(dirname "$(echo "$0" | sed -e 's,\\,/,g')")
2025-08-25T15:14:13:           ^^^^^^^
2025-08-25T15:14:13: 
2025-08-25T15:14:13: SyntaxError: missing ) after argument list
2025-08-25T15:14:13:     at internalCompileFunction (node:internal/vm:77:18)
2025-08-25T15:14:13:     at wrapSafe (node:internal/modules/cjs/loader:1288:20)
2025-08-25T15:14:13:     at Module._compile (node:internal/modules/cjs/loader:1340:27)
2025-08-25T15:14:13:     at Module._extensions..js (node:internal/modules/cjs/loader:1435:10)
2025-08-25T15:14:13:     at Module.load (node:internal/modules/cjs/loader:1207:32)
2025-08-25T15:14:13:     at Module._load (node:internal/modules/cjs/loader:1023:12)
2025-08-25T15:14:13:     at Function.executeUserEntryPoint [as runMain] (node:internal/modules/run_main:135:12)
2025-08-25T15:14:13:     at node:internal/main/run_main_module:28:49
2025-08-25T15:14:13: 
2025-08-25T15:14:13: Node.js v20.11.1
2025-08-25T15:17:22: c:\projetos\mvp28\node_modules\.bin\next:2
2025-08-25T15:17:22: basedir=$(dirname "$(echo "$0" | sed -e 's,\\,/,g')")
2025-08-25T15:17:22:           ^^^^^^^
2025-08-25T15:17:22: 
2025-08-25T15:17:22: SyntaxError: missing ) after argument list
2025-08-25T15:17:22:     at internalCompileFunction (node:internal/vm:77:18)
2025-08-25T15:17:22:     at wrapSafe (node:internal/modules/cjs/loader:1288:20)
2025-08-25T15:17:22:     at Module._compile (node:internal/modules/cjs/loader:1340:27)
2025-08-25T15:17:22:     at Module._extensions..js (node:internal/modules/cjs/loader:1435:10)
2025-08-25T15:17:22:     at Module.load (node:internal/modules/cjs/loader:1207:32)
2025-08-25T15:17:22:     at Module._load (node:internal/modules/cjs/loader:1023:12)
2025-08-25T15:17:22:     at Function.executeUserEntryPoint [as runMain] (node:internal/modules/run_main:135:12)
2025-08-25T15:17:22:     at node:internal/main/run_main_module:28:49
2025-08-25T15:17:22: 
2025-08-25T15:17:22: Node.js v20.11.1
2025-08-25T15:17:22: c:\projetos\mvp28\node_modules\.bin\next:2
2025-08-25T15:17:22: basedir=$(dirname "$(echo "$0" | sed -e 's,\\,/,g')")
2025-08-25T15:17:22:           ^^^^^^^
2025-08-25T15:17:22: 
2025-08-25T15:17:22: SyntaxError: missing ) after argument list
2025-08-25T15:17:22:     at internalCompileFunction (node:internal/vm:77:18)
2025-08-25T15:17:22:     at wrapSafe (node:internal/modules/cjs/loader:1288:20)
2025-08-25T15:17:22:     at Module._compile (node:internal/modules/cjs/loader:1340:27)
2025-08-25T15:17:22:     at Module._extensions..js (node:internal/modules/cjs/loader:1435:10)
2025-08-25T15:17:22:     at Module.load (node:internal/modules/cjs/loader:1207:32)
2025-08-25T15:17:22:     at Module._load (node:internal/modules/cjs/loader:1023:12)
2025-08-25T15:17:22:     at Function.executeUserEntryPoint [as runMain] (node:internal/modules/run_main:135:12)
2025-08-25T15:17:22:     at node:internal/main/run_main_module:28:49
2025-08-25T15:17:22: 
2025-08-25T15:17:22: Node.js v20.11.1
2025-08-25T15:17:22: c:\projetos\mvp28\node_modules\.bin\next:2
2025-08-25T15:17:22: basedir=$(dirname "$(echo "$0" | sed -e 's,\\,/,g')")
2025-08-25T15:17:22:           ^^^^^^^
2025-08-25T15:17:22: 
2025-08-25T15:17:22: SyntaxError: missing ) after argument list
2025-08-25T15:17:22:     at internalCompileFunction (node:internal/vm:77:18)
2025-08-25T15:17:22:     at wrapSafe (node:internal/modules/cjs/loader:1288:20)
2025-08-25T15:17:22:     at Module._compile (node:internal/modules/cjs/loader:1340:27)
2025-08-25T15:17:22:     at Module._extensions..js (node:internal/modules/cjs/loader:1435:10)
2025-08-25T15:17:22:     at Module.load (node:internal/modules/cjs/loader:1207:32)
2025-08-25T15:17:22:     at Module._load (node:internal/modules/cjs/loader:1023:12)
2025-08-25T15:17:22:     at Function.executeUserEntryPoint [as runMain] (node:internal/modules/run_main:135:12)
2025-08-25T15:17:22:     at node:internal/main/run_main_module:28:49
2025-08-25T15:17:22: 
2025-08-25T15:17:22: Node.js v20.11.1
2025-08-25T15:17:22: c:\projetos\mvp28\node_modules\.bin\next:2
2025-08-25T15:17:22: basedir=$(dirname "$(echo "$0" | sed -e 's,\\,/,g')")
2025-08-25T15:17:22:           ^^^^^^^
2025-08-25T15:17:22: 
2025-08-25T15:17:22: SyntaxError: missing ) after argument list
2025-08-25T15:17:22:     at internalCompileFunction (node:internal/vm:77:18)
2025-08-25T15:17:22:     at wrapSafe (node:internal/modules/cjs/loader:1288:20)
2025-08-25T15:17:22:     at Module._compile (node:internal/modules/cjs/loader:1340:27)
2025-08-25T15:17:22:     at Module._extensions..js (node:internal/modules/cjs/loader:1435:10)
2025-08-25T15:17:22:     at Module.load (node:internal/modules/cjs/loader:1207:32)
2025-08-25T15:17:22:     at Module._load (node:internal/modules/cjs/loader:1023:12)
2025-08-25T15:17:22:     at Function.executeUserEntryPoint [as runMain] (node:internal/modules/run_main:135:12)
2025-08-25T15:17:22:     at node:internal/main/run_main_module:28:49
2025-08-25T15:17:22: 
2025-08-25T15:17:22: Node.js v20.11.1
2025-08-25T15:17:22: c:\projetos\mvp28\node_modules\.bin\next:2
2025-08-25T15:17:22: basedir=$(dirname "$(echo "$0" | sed -e 's,\\,/,g')")
2025-08-25T15:17:22:           ^^^^^^^
2025-08-25T15:17:22: 
2025-08-25T15:17:22: SyntaxError: missing ) after argument list
2025-08-25T15:17:22:     at internalCompileFunction (node:internal/vm:77:18)
2025-08-25T15:17:22:     at wrapSafe (node:internal/modules/cjs/loader:1288:20)
2025-08-25T15:17:22:     at Module._compile (node:internal/modules/cjs/loader:1340:27)
2025-08-25T15:17:22:     at Module._extensions..js (node:internal/modules/cjs/loader:1435:10)
2025-08-25T15:17:22:     at Module.load (node:internal/modules/cjs/loader:1207:32)
2025-08-25T15:17:22:     at Module._load (node:internal/modules/cjs/loader:1023:12)
2025-08-25T15:17:22:     at Function.executeUserEntryPoint [as runMain] (node:internal/modules/run_main:135:12)
2025-08-25T15:17:22:     at node:internal/main/run_main_module:28:49
2025-08-25T15:17:22: 
2025-08-25T15:17:22: Node.js v20.11.1
2025-08-25T15:17:23: c:\projetos\mvp28\node_modules\.bin\next:2
2025-08-25T15:17:23: basedir=$(dirname "$(echo "$0" | sed -e 's,\\,/,g')")
2025-08-25T15:17:23:           ^^^^^^^
2025-08-25T15:17:23: 
2025-08-25T15:17:23: SyntaxError: missing ) after argument list
2025-08-25T15:17:23:     at internalCompileFunction (node:internal/vm:77:18)
2025-08-25T15:17:23:     at wrapSafe (node:internal/modules/cjs/loader:1288:20)
2025-08-25T15:17:23:     at Module._compile (node:internal/modules/cjs/loader:1340:27)
2025-08-25T15:17:23:     at Module._extensions..js (node:internal/modules/cjs/loader:1435:10)
2025-08-25T15:17:23:     at Module.load (node:internal/modules/cjs/loader:1207:32)
2025-08-25T15:17:23:     at Module._load (node:internal/modules/cjs/loader:1023:12)
2025-08-25T15:17:23:     at Function.executeUserEntryPoint [as runMain] (node:internal/modules/run_main:135:12)
2025-08-25T15:17:23:     at node:internal/main/run_main_module:28:49
2025-08-25T15:17:23: 
2025-08-25T15:17:23: Node.js v20.11.1
2025-08-25T15:17:23: c:\projetos\mvp28\node_modules\.bin\next:2
2025-08-25T15:17:23: basedir=$(dirname "$(echo "$0" | sed -e 's,\\,/,g')")
2025-08-25T15:17:23:           ^^^^^^^
2025-08-25T15:17:23: 
2025-08-25T15:17:23: SyntaxError: missing ) after argument list
2025-08-25T15:17:23:     at internalCompileFunction (node:internal/vm:77:18)
2025-08-25T15:17:23:     at wrapSafe (node:internal/modules/cjs/loader:1288:20)
2025-08-25T15:17:23:     at Module._compile (node:internal/modules/cjs/loader:1340:27)
2025-08-25T15:17:23:     at Module._extensions..js (node:internal/modules/cjs/loader:1435:10)
2025-08-25T15:17:23:     at Module.load (node:internal/modules/cjs/loader:1207:32)
2025-08-25T15:17:23:     at Module._load (node:internal/modules/cjs/loader:1023:12)
2025-08-25T15:17:23:     at Function.executeUserEntryPoint [as runMain] (node:internal/modules/run_main:135:12)
2025-08-25T15:17:23:     at node:internal/main/run_main_module:28:49
2025-08-25T15:17:23: 
2025-08-25T15:17:23: Node.js v20.11.1
2025-08-25T15:17:23: c:\projetos\mvp28\node_modules\.bin\next:2
2025-08-25T15:17:23: basedir=$(dirname "$(echo "$0" | sed -e 's,\\,/,g')")
2025-08-25T15:17:23:           ^^^^^^^
2025-08-25T15:17:23: 
2025-08-25T15:17:23: SyntaxError: missing ) after argument list
2025-08-25T15:17:23:     at internalCompileFunction (node:internal/vm:77:18)
2025-08-25T15:17:23:     at wrapSafe (node:internal/modules/cjs/loader:1288:20)
2025-08-25T15:17:23:     at Module._compile (node:internal/modules/cjs/loader:1340:27)
2025-08-25T15:17:23:     at Module._extensions..js (node:internal/modules/cjs/loader:1435:10)
2025-08-25T15:17:23:     at Module.load (node:internal/modules/cjs/loader:1207:32)
2025-08-25T15:17:23:     at Module._load (node:internal/modules/cjs/loader:1023:12)
2025-08-25T15:17:23:     at Function.executeUserEntryPoint [as runMain] (node:internal/modules/run_main:135:12)
2025-08-25T15:17:23:     at node:internal/main/run_main_module:28:49
2025-08-25T15:17:23: 
2025-08-25T15:17:23: Node.js v20.11.1
2025-08-25T15:17:23: c:\projetos\mvp28\node_modules\.bin\next:2
2025-08-25T15:17:23: basedir=$(dirname "$(echo "$0" | sed -e 's,\\,/,g')")
2025-08-25T15:17:23:           ^^^^^^^
2025-08-25T15:17:23: 
2025-08-25T15:17:23: SyntaxError: missing ) after argument list
2025-08-25T15:17:23:     at internalCompileFunction (node:internal/vm:77:18)
2025-08-25T15:17:23:     at wrapSafe (node:internal/modules/cjs/loader:1288:20)
2025-08-25T15:17:23:     at Module._compile (node:internal/modules/cjs/loader:1340:27)
2025-08-25T15:17:23:     at Module._extensions..js (node:internal/modules/cjs/loader:1435:10)
2025-08-25T15:17:23:     at Module.load (node:internal/modules/cjs/loader:1207:32)
2025-08-25T15:17:23:     at Module._load (node:internal/modules/cjs/loader:1023:12)
2025-08-25T15:17:23:     at Function.executeUserEntryPoint [as runMain] (node:internal/modules/run_main:135:12)
2025-08-25T15:17:23:     at node:internal/main/run_main_module:28:49
2025-08-25T15:17:23: 
2025-08-25T15:17:23: Node.js v20.11.1
2025-08-25T15:17:23: c:\projetos\mvp28\node_modules\.bin\next:2
2025-08-25T15:17:23: basedir=$(dirname "$(echo "$0" | sed -e 's,\\,/,g')")
2025-08-25T15:17:23:           ^^^^^^^
2025-08-25T15:17:23: 
2025-08-25T15:17:23: SyntaxError: missing ) after argument list
2025-08-25T15:17:23:     at internalCompileFunction (node:internal/vm:77:18)
2025-08-25T15:17:23:     at wrapSafe (node:internal/modules/cjs/loader:1288:20)
2025-08-25T15:17:23:     at Module._compile (node:internal/modules/cjs/loader:1340:27)
2025-08-25T15:17:23:     at Module._extensions..js (node:internal/modules/cjs/loader:1435:10)
2025-08-25T15:17:23:     at Module.load (node:internal/modules/cjs/loader:1207:32)
2025-08-25T15:17:23:     at Module._load (node:internal/modules/cjs/loader:1023:12)
2025-08-25T15:17:23:     at Function.executeUserEntryPoint [as runMain] (node:internal/modules/run_main:135:12)
2025-08-25T15:17:23:     at node:internal/main/run_main_module:28:49
2025-08-25T15:17:23: 
2025-08-25T15:17:23: Node.js v20.11.1
2025-08-25T15:18:39:  ⨯ Failed to start server
2025-08-25T15:18:39: Error: listen EADDRINUSE: address already in use :::3000
2025-08-25T15:18:39:     at <unknown> (Error: listen EADDRINUSE: address already in use :::3000)
2025-08-25T15:18:39:     at new Promise (<anonymous>) {
2025-08-25T15:18:39:   code: 'EADDRINUSE',
2025-08-25T15:18:39:   errno: -4091,
2025-08-25T15:18:39:   syscall: 'listen',
2025-08-25T15:18:39:   address: '::',
2025-08-25T15:18:39:   port: 3000
2025-08-25T15:18:39: }
2025-08-25T15:18:42:  ⨯ Failed to start server
2025-08-25T15:18:42: Error: listen EADDRINUSE: address already in use :::3000
2025-08-25T15:18:42:     at <unknown> (Error: listen EADDRINUSE: address already in use :::3000)
2025-08-25T15:18:42:     at new Promise (<anonymous>) {
2025-08-25T15:18:42:   code: 'EADDRINUSE',
2025-08-25T15:18:42:   errno: -4091,
2025-08-25T15:18:42:   syscall: 'listen',
2025-08-25T15:18:42:   address: '::',
2025-08-25T15:18:42:   port: 3000
2025-08-25T15:18:42: }
2025-08-25T15:18:45:  ⨯ Failed to start server
2025-08-25T15:18:45: Error: listen EADDRINUSE: address already in use :::3000
2025-08-25T15:18:45:     at <unknown> (Error: listen EADDRINUSE: address already in use :::3000)
2025-08-25T15:18:45:     at new Promise (<anonymous>) {
2025-08-25T15:18:45:   code: 'EADDRINUSE',
2025-08-25T15:18:45:   errno: -4091,
2025-08-25T15:18:45:   syscall: 'listen',
2025-08-25T15:18:45:   address: '::',
2025-08-25T15:18:45:   port: 3000
2025-08-25T15:18:45: }
2025-08-25T15:18:48:  ⨯ Failed to start server
2025-08-25T15:18:48: Error: listen EADDRINUSE: address already in use :::3000
2025-08-25T15:18:48:     at <unknown> (Error: listen EADDRINUSE: address already in use :::3000)
2025-08-25T15:18:48:     at new Promise (<anonymous>) {
2025-08-25T15:18:48:   code: 'EADDRINUSE',
2025-08-25T15:18:48:   errno: -4091,
2025-08-25T15:18:48:   syscall: 'listen',
2025-08-25T15:18:48:   address: '::',
2025-08-25T15:18:48:   port: 3000
2025-08-25T15:18:48: }
2025-08-25T15:18:51:  ⨯ Failed to start server
2025-08-25T15:18:51: Error: listen EADDRINUSE: address already in use :::3000
2025-08-25T15:18:51:     at <unknown> (Error: listen EADDRINUSE: address already in use :::3000)
2025-08-25T15:18:51:     at new Promise (<anonymous>) {
2025-08-25T15:18:51:   code: 'EADDRINUSE',
2025-08-25T15:18:51:   errno: -4091,
2025-08-25T15:18:51:   syscall: 'listen',
2025-08-25T15:18:51:   address: '::',
2025-08-25T15:18:51:   port: 3000
2025-08-25T15:18:51: }
2025-08-25T15:18:53:  ⨯ Failed to start server
2025-08-25T15:18:53: Error: listen EADDRINUSE: address already in use :::3000
2025-08-25T15:18:53:     at <unknown> (Error: listen EADDRINUSE: address already in use :::3000)
2025-08-25T15:18:53:     at new Promise (<anonymous>) {
2025-08-25T15:18:53:   code: 'EADDRINUSE',
2025-08-25T15:18:53:   errno: -4091,
2025-08-25T15:18:53:   syscall: 'listen',
2025-08-25T15:18:53:   address: '::',
2025-08-25T15:18:53:   port: 3000
2025-08-25T15:18:53: }
2025-08-25T15:18:56:  ⨯ Failed to start server
2025-08-25T15:18:56: Error: listen EADDRINUSE: address already in use :::3000
2025-08-25T15:18:56:     at <unknown> (Error: listen EADDRINUSE: address already in use :::3000)
2025-08-25T15:18:56:     at new Promise (<anonymous>) {
2025-08-25T15:18:56:   code: 'EADDRINUSE',
2025-08-25T15:18:56:   errno: -4091,
2025-08-25T15:18:56:   syscall: 'listen',
2025-08-25T15:18:56:   address: '::',
2025-08-25T15:18:56:   port: 3000
2025-08-25T15:18:56: }
2025-08-25T15:18:58:  ⨯ Failed to start server
2025-08-25T15:18:58: Error: listen EADDRINUSE: address already in use :::3000
2025-08-25T15:18:58:     at <unknown> (Error: listen EADDRINUSE: address already in use :::3000)
2025-08-25T15:18:58:     at new Promise (<anonymous>) {
2025-08-25T15:18:58:   code: 'EADDRINUSE',
2025-08-25T15:18:58:   errno: -4091,
2025-08-25T15:18:58:   syscall: 'listen',
2025-08-25T15:18:58:   address: '::',
2025-08-25T15:18:58:   port: 3000
2025-08-25T15:18:58: }
2025-08-25T15:19:01:  ⨯ Failed to start server
2025-08-25T15:19:01: Error: listen EADDRINUSE: address already in use :::3000
2025-08-25T15:19:01:     at <unknown> (Error: listen EADDRINUSE: address already in use :::3000)
2025-08-25T15:19:01:     at new Promise (<anonymous>) {
2025-08-25T15:19:01:   code: 'EADDRINUSE',
2025-08-25T15:19:01:   errno: -4091,
2025-08-25T15:19:01:   syscall: 'listen',
2025-08-25T15:19:01:   address: '::',
2025-08-25T15:19:01:   port: 3000
2025-08-25T15:19:01: }
2025-08-25T15:19:04:  ⨯ Failed to start server
2025-08-25T15:19:04: Error: listen EADDRINUSE: address already in use :::3000
2025-08-25T15:19:04:     at <unknown> (Error: listen EADDRINUSE: address already in use :::3000)
2025-08-25T15:19:04:     at new Promise (<anonymous>) {
2025-08-25T15:19:04:   code: 'EADDRINUSE',
2025-08-25T15:19:04:   errno: -4091,
2025-08-25T15:19:04:   syscall: 'listen',
2025-08-25T15:19:04:   address: '::',
2025-08-25T15:19:04:   port: 3000
2025-08-25T15:19:04: }
2025-08-28T07:54:19:  ⨯ Failed to start server
2025-08-28T07:54:19: Error: listen EADDRINUSE: address already in use :::3000
2025-08-28T07:54:19:     at <unknown> (Error: listen EADDRINUSE: address already in use :::3000)
2025-08-28T07:54:19:     at new Promise (<anonymous>) {
2025-08-28T07:54:19:   code: 'EADDRINUSE',
2025-08-28T07:54:19:   errno: -98,
2025-08-28T07:54:19:   syscall: 'listen',
2025-08-28T07:54:19:   address: '::',
2025-08-28T07:54:19:   port: 3000
2025-08-28T07:54:19: }
2025-08-28T07:54:20:  ⨯ Failed to start server
2025-08-28T07:54:20: Error: listen EADDRINUSE: address already in use :::3000
2025-08-28T07:54:20:     at <unknown> (Error: listen EADDRINUSE: address already in use :::3000)
2025-08-28T07:54:20:     at new Promise (<anonymous>) {
2025-08-28T07:54:20:   code: 'EADDRINUSE',
2025-08-28T07:54:20:   errno: -98,
2025-08-28T07:54:20:   syscall: 'listen',
2025-08-28T07:54:20:   address: '::',
2025-08-28T07:54:20:   port: 3000
2025-08-28T07:54:20: }
2025-08-28T07:54:20:  ⨯ Failed to start server
2025-08-28T07:54:20: Error: listen EADDRINUSE: address already in use :::3000
2025-08-28T07:54:20:     at <unknown> (Error: listen EADDRINUSE: address already in use :::3000)
2025-08-28T07:54:20:     at new Promise (<anonymous>) {
2025-08-28T07:54:20:   code: 'EADDRINUSE',
2025-08-28T07:54:20:   errno: -98,
2025-08-28T07:54:20:   syscall: 'listen',
2025-08-28T07:54:20:   address: '::',
2025-08-28T07:54:20:   port: 3000
2025-08-28T07:54:20: }
2025-08-28T07:54:21:  ⨯ Failed to start server
2025-08-28T07:54:21: Error: listen EADDRINUSE: address already in use :::3000
2025-08-28T07:54:21:     at <unknown> (Error: listen EADDRINUSE: address already in use :::3000)
2025-08-28T07:54:21:     at new Promise (<anonymous>) {
2025-08-28T07:54:21:   code: 'EADDRINUSE',
2025-08-28T07:54:21:   errno: -98,
2025-08-28T07:54:21:   syscall: 'listen',
2025-08-28T07:54:21:   address: '::',
2025-08-28T07:54:21:   port: 3000
2025-08-28T07:54:21: }
2025-08-28T07:54:21:  ⨯ Failed to start server
2025-08-28T07:54:21: Error: listen EADDRINUSE: address already in use :::3000
2025-08-28T07:54:21:     at <unknown> (Error: listen EADDRINUSE: address already in use :::3000)
2025-08-28T07:54:21:     at new Promise (<anonymous>) {
2025-08-28T07:54:21:   code: 'EADDRINUSE',
2025-08-28T07:54:21:   errno: -98,
2025-08-28T07:54:21:   syscall: 'listen',
2025-08-28T07:54:21:   address: '::',
2025-08-28T07:54:21:   port: 3000
2025-08-28T07:54:21: }
2025-08-28T07:54:22:  ⨯ Failed to start server
2025-08-28T07:54:22: Error: listen EADDRINUSE: address already in use :::3000
2025-08-28T07:54:22:     at <unknown> (Error: listen EADDRINUSE: address already in use :::3000)
2025-08-28T07:54:22:     at new Promise (<anonymous>) {
2025-08-28T07:54:22:   code: 'EADDRINUSE',
2025-08-28T07:54:22:   errno: -98,
2025-08-28T07:54:22:   syscall: 'listen',
2025-08-28T07:54:22:   address: '::',
2025-08-28T07:54:22:   port: 3000
2025-08-28T07:54:22: }
2025-08-28T07:54:22:  ⨯ Failed to start server
2025-08-28T07:54:22: Error: listen EADDRINUSE: address already in use :::3000
2025-08-28T07:54:22:     at <unknown> (Error: listen EADDRINUSE: address already in use :::3000)
2025-08-28T07:54:22:     at new Promise (<anonymous>) {
2025-08-28T07:54:22:   code: 'EADDRINUSE',
2025-08-28T07:54:22:   errno: -98,
2025-08-28T07:54:22:   syscall: 'listen',
2025-08-28T07:54:22:   address: '::',
2025-08-28T07:54:22:   port: 3000
2025-08-28T07:54:22: }
2025-08-28T07:54:23:  ⨯ Failed to start server
2025-08-28T07:54:23: Error: listen EADDRINUSE: address already in use :::3000
2025-08-28T07:54:23:     at <unknown> (Error: listen EADDRINUSE: address already in use :::3000)
2025-08-28T07:54:23:     at new Promise (<anonymous>) {
2025-08-28T07:54:23:   code: 'EADDRINUSE',
2025-08-28T07:54:23:   errno: -98,
2025-08-28T07:54:23:   syscall: 'listen',
2025-08-28T07:54:23:   address: '::',
2025-08-28T07:54:23:   port: 3000
2025-08-28T07:54:23: }
2025-08-28T07:54:23:  ⨯ Failed to start server
2025-08-28T07:54:23: Error: listen EADDRINUSE: address already in use :::3000
2025-08-28T07:54:23:     at <unknown> (Error: listen EADDRINUSE: address already in use :::3000)
2025-08-28T07:54:23:     at new Promise (<anonymous>) {
2025-08-28T07:54:23:   code: 'EADDRINUSE',
2025-08-28T07:54:23:   errno: -98,
2025-08-28T07:54:23:   syscall: 'listen',
2025-08-28T07:54:23:   address: '::',
2025-08-28T07:54:23:   port: 3000
2025-08-28T07:54:23: }
2025-08-28T07:54:24:  ⨯ Failed to start server
2025-08-28T07:54:24: Error: listen EADDRINUSE: address already in use :::3000
2025-08-28T07:54:24:     at <unknown> (Error: listen EADDRINUSE: address already in use :::3000)
2025-08-28T07:54:24:     at new Promise (<anonymous>) {
2025-08-28T07:54:24:   code: 'EADDRINUSE',
2025-08-28T07:54:24:   errno: -98,
2025-08-28T07:54:24:   syscall: 'listen',
2025-08-28T07:54:24:   address: '::',
2025-08-28T07:54:24:   port: 3000
2025-08-28T07:54:24: }
2025-08-28T07:54:53:  ⨯ Failed to start server
2025-08-28T07:54:53: Error: listen EADDRINUSE: address already in use :::3000
2025-08-28T07:54:53:     at <unknown> (Error: listen EADDRINUSE: address already in use :::3000)
2025-08-28T07:54:53:     at new Promise (<anonymous>) {
2025-08-28T07:54:53:   code: 'EADDRINUSE',
2025-08-28T07:54:53:   errno: -98,
2025-08-28T07:54:53:   syscall: 'listen',
2025-08-28T07:54:53:   address: '::',
2025-08-28T07:54:53:   port: 3000
2025-08-28T07:54:53: }
2025-08-28T07:54:54:  ⨯ Failed to start server
2025-08-28T07:54:54: Error: listen EADDRINUSE: address already in use :::3000
2025-08-28T07:54:54:     at <unknown> (Error: listen EADDRINUSE: address already in use :::3000)
2025-08-28T07:54:54:     at new Promise (<anonymous>) {
2025-08-28T07:54:54:   code: 'EADDRINUSE',
2025-08-28T07:54:54:   errno: -98,
2025-08-28T07:54:54:   syscall: 'listen',
2025-08-28T07:54:54:   address: '::',
2025-08-28T07:54:54:   port: 3000
2025-08-28T07:54:54: }
2025-08-28T07:54:54:  ⨯ Failed to start server
2025-08-28T07:54:55: Error: listen EADDRINUSE: address already in use :::3000
2025-08-28T07:54:55:     at <unknown> (Error: listen EADDRINUSE: address already in use :::3000)
2025-08-28T07:54:55:     at new Promise (<anonymous>) {
2025-08-28T07:54:55:   code: 'EADDRINUSE',
2025-08-28T07:54:55:   errno: -98,
2025-08-28T07:54:55:   syscall: 'listen',
2025-08-28T07:54:55:   address: '::',
2025-08-28T07:54:55:   port: 3000
2025-08-28T07:54:55: }
2025-08-28T07:54:55:  ⨯ Failed to start server
2025-08-28T07:54:55: Error: listen EADDRINUSE: address already in use :::3000
2025-08-28T07:54:55:     at <unknown> (Error: listen EADDRINUSE: address already in use :::3000)
2025-08-28T07:54:55:     at new Promise (<anonymous>) {
2025-08-28T07:54:55:   code: 'EADDRINUSE',
2025-08-28T07:54:55:   errno: -98,
2025-08-28T07:54:55:   syscall: 'listen',
2025-08-28T07:54:55:   address: '::',
2025-08-28T07:54:55:   port: 3000
2025-08-28T07:54:55: }
2025-08-28T07:54:55:  ⨯ Failed to start server
2025-08-28T07:54:55: Error: listen EADDRINUSE: address already in use :::3000
2025-08-28T07:54:55:     at <unknown> (Error: listen EADDRINUSE: address already in use :::3000)
2025-08-28T07:54:55:     at new Promise (<anonymous>) {
2025-08-28T07:54:55:   code: 'EADDRINUSE',
2025-08-28T07:54:55:   errno: -98,
2025-08-28T07:54:55:   syscall: 'listen',
2025-08-28T07:54:55:   address: '::',
2025-08-28T07:54:55:   port: 3000
2025-08-28T07:54:55: }
2025-08-28T07:54:56:  ⨯ Failed to start server
2025-08-28T07:54:56: Error: listen EADDRINUSE: address already in use :::3000
2025-08-28T07:54:56:     at <unknown> (Error: listen EADDRINUSE: address already in use :::3000)
2025-08-28T07:54:56:     at new Promise (<anonymous>) {
2025-08-28T07:54:56:   code: 'EADDRINUSE',
2025-08-28T07:54:56:   errno: -98,
2025-08-28T07:54:56:   syscall: 'listen',
2025-08-28T07:54:56:   address: '::',
2025-08-28T07:54:56:   port: 3000
2025-08-28T07:54:56: }
2025-08-28T07:54:57:  ⨯ Failed to start server
2025-08-28T07:54:57: Error: listen EADDRINUSE: address already in use :::3000
2025-08-28T07:54:57:     at <unknown> (Error: listen EADDRINUSE: address already in use :::3000)
2025-08-28T07:54:57:     at new Promise (<anonymous>) {
2025-08-28T07:54:57:   code: 'EADDRINUSE',
2025-08-28T07:54:57:   errno: -98,
2025-08-28T07:54:57:   syscall: 'listen',
2025-08-28T07:54:57:   address: '::',
2025-08-28T07:54:57:   port: 3000
2025-08-28T07:54:57: }
2025-08-28T07:54:57:  ⨯ Failed to start server
2025-08-28T07:54:57: Error: listen EADDRINUSE: address already in use :::3000
2025-08-28T07:54:57:     at <unknown> (Error: listen EADDRINUSE: address already in use :::3000)
2025-08-28T07:54:57:     at new Promise (<anonymous>) {
2025-08-28T07:54:57:   code: 'EADDRINUSE',
2025-08-28T07:54:57:   errno: -98,
2025-08-28T07:54:57:   syscall: 'listen',
2025-08-28T07:54:57:   address: '::',
2025-08-28T07:54:57:   port: 3000
2025-08-28T07:54:57: }
2025-08-28T07:54:58:  ⨯ Failed to start server
2025-08-28T07:54:58: Error: listen EADDRINUSE: address already in use :::3000
2025-08-28T07:54:58:     at <unknown> (Error: listen EADDRINUSE: address already in use :::3000)
2025-08-28T07:54:58:     at new Promise (<anonymous>) {
2025-08-28T07:54:58:   code: 'EADDRINUSE',
2025-08-28T07:54:58:   errno: -98,
2025-08-28T07:54:58:   syscall: 'listen',
2025-08-28T07:54:58:   address: '::',
2025-08-28T07:54:58:   port: 3000
2025-08-28T07:54:58: }
2025-08-28T07:54:59:  ⨯ Failed to start server
2025-08-28T07:54:59: Error: listen EADDRINUSE: address already in use :::3000
2025-08-28T07:54:59:     at <unknown> (Error: listen EADDRINUSE: address already in use :::3000)
2025-08-28T07:54:59:     at new Promise (<anonymous>) {
2025-08-28T07:54:59:   code: 'EADDRINUSE',
2025-08-28T07:54:59:   errno: -98,
2025-08-28T07:54:59:   syscall: 'listen',
2025-08-28T07:54:59:   address: '::',
2025-08-28T07:54:59:   port: 3000
2025-08-28T07:54:59: }
2025-08-28T07:59:31:  ⚠ You are using a non-standard "NODE_ENV" value in your environment. This creates inconsistencies in the project and is strongly advised against. Read more: https://nextjs.org/docs/messages/non-standard-node-env
2025-08-28T07:59:31: Invalid project directory provided, no such directory: /opt/gdev/crm-mvp/run
2025-08-28T07:59:32:  ⚠ You are using a non-standard "NODE_ENV" value in your environment. This creates inconsistencies in the project and is strongly advised against. Read more: https://nextjs.org/docs/messages/non-standard-node-env
2025-08-28T07:59:32: Invalid project directory provided, no such directory: /opt/gdev/crm-mvp/run
2025-08-28T07:59:32:  ⚠ You are using a non-standard "NODE_ENV" value in your environment. This creates inconsistencies in the project and is strongly advised against. Read more: https://nextjs.org/docs/messages/non-standard-node-env
2025-08-28T07:59:32: Invalid project directory provided, no such directory: /opt/gdev/crm-mvp/run
2025-08-28T07:59:33:  ⚠ You are using a non-standard "NODE_ENV" value in your environment. This creates inconsistencies in the project and is strongly advised against. Read more: https://nextjs.org/docs/messages/non-standard-node-env
2025-08-28T07:59:33: Invalid project directory provided, no such directory: /opt/gdev/crm-mvp/run
2025-08-28T07:59:33:  ⚠ You are using a non-standard "NODE_ENV" value in your environment. This creates inconsistencies in the project and is strongly advised against. Read more: https://nextjs.org/docs/messages/non-standard-node-env
2025-08-28T07:59:33: Invalid project directory provided, no such directory: /opt/gdev/crm-mvp/run
2025-08-28T07:59:34:  ⚠ You are using a non-standard "NODE_ENV" value in your environment. This creates inconsistencies in the project and is strongly advised against. Read more: https://nextjs.org/docs/messages/non-standard-node-env
2025-08-28T07:59:34: Invalid project directory provided, no such directory: /opt/gdev/crm-mvp/run
2025-08-28T07:59:34:  ⚠ You are using a non-standard "NODE_ENV" value in your environment. This creates inconsistencies in the project and is strongly advised against. Read more: https://nextjs.org/docs/messages/non-standard-node-env
2025-08-28T07:59:34: Invalid project directory provided, no such directory: /opt/gdev/crm-mvp/run
2025-08-28T07:59:34:  ⚠ You are using a non-standard "NODE_ENV" value in your environment. This creates inconsistencies in the project and is strongly advised against. Read more: https://nextjs.org/docs/messages/non-standard-node-env
2025-08-28T07:59:35: Invalid project directory provided, no such directory: /opt/gdev/crm-mvp/run
2025-08-28T07:59:35:  ⚠ You are using a non-standard "NODE_ENV" value in your environment. This creates inconsistencies in the project and is strongly advised against. Read more: https://nextjs.org/docs/messages/non-standard-node-env
2025-08-28T07:59:35: Invalid project directory provided, no such directory: /opt/gdev/crm-mvp/run
2025-08-28T07:59:35:  ⚠ You are using a non-standard "NODE_ENV" value in your environment. This creates inconsistencies in the project and is strongly advised against. Read more: https://nextjs.org/docs/messages/non-standard-node-env
2025-08-28T07:59:35: Invalid project directory provided, no such directory: /opt/gdev/crm-mvp/run
2025-08-28T08:02:55: Invalid project directory provided, no such directory: /opt/gdev/crm-mvp/run
2025-08-28T08:02:56: Invalid project directory provided, no such directory: /opt/gdev/crm-mvp/run
2025-08-28T08:02:56: Invalid project directory provided, no such directory: /opt/gdev/crm-mvp/run
2025-08-28T08:02:56: Invalid project directory provided, no such directory: /opt/gdev/crm-mvp/run
2025-08-28T08:02:57: Invalid project directory provided, no such directory: /opt/gdev/crm-mvp/run
2025-08-28T08:02:57: Invalid project directory provided, no such directory: /opt/gdev/crm-mvp/run
2025-08-28T08:02:57: Invalid project directory provided, no such directory: /opt/gdev/crm-mvp/run
2025-08-28T08:02:58: Invalid project directory provided, no such directory: /opt/gdev/crm-mvp/run
2025-08-28T08:02:58: Invalid project directory provided, no such directory: /opt/gdev/crm-mvp/run
2025-08-28T08:02:58: Invalid project directory provided, no such directory: /opt/gdev/crm-mvp/run
