2025-08-28T07:54:19: Error: @prisma/client did not initialize yet. Please run "prisma generate" and try to import it again.
2025-08-28T07:54:19:     at new PrismaClient (/opt/gdev/crm-mvp/node_modules/.prisma/client/default.js:43:11)
2025-08-28T07:54:19:     at Object.<anonymous> (/opt/gdev/crm-mvp/src/workers/email-sync-worker.js:7:16)
2025-08-28T07:54:19:     at Module._compile (node:internal/modules/cjs/loader:1529:14)
2025-08-28T07:54:19:     at Module._extensions..js (node:internal/modules/cjs/loader:1613:10)
2025-08-28T07:54:19:     at Module.load (node:internal/modules/cjs/loader:1275:32)
2025-08-28T07:54:19:     at Module._load (node:internal/modules/cjs/loader:1096:12)
2025-08-28T07:54:19:     at Object.<anonymous> (/home/ronaldo/.nvm/versions/node/v20.19.4/lib/node_modules/pm2/lib/ProcessContainerFork.js:33:23)
2025-08-28T07:54:19:     at Module._compile (node:internal/modules/cjs/loader:1529:14)
2025-08-28T07:54:19:     at Module._extensions..js (node:internal/modules/cjs/loader:1613:10)
2025-08-28T07:54:19:     at Module.load (node:internal/modules/cjs/loader:1275:32)
2025-08-28T07:54:19: Error: @prisma/client did not initialize yet. Please run "prisma generate" and try to import it again.
2025-08-28T07:54:19:     at new PrismaClient (/opt/gdev/crm-mvp/node_modules/.prisma/client/default.js:43:11)
2025-08-28T07:54:19:     at Object.<anonymous> (/opt/gdev/crm-mvp/src/workers/email-sync-worker.js:7:16)
2025-08-28T07:54:19:     at Module._compile (node:internal/modules/cjs/loader:1529:14)
2025-08-28T07:54:19:     at Module._extensions..js (node:internal/modules/cjs/loader:1613:10)
2025-08-28T07:54:19:     at Module.load (node:internal/modules/cjs/loader:1275:32)
2025-08-28T07:54:19:     at Module._load (node:internal/modules/cjs/loader:1096:12)
2025-08-28T07:54:19:     at Object.<anonymous> (/home/ronaldo/.nvm/versions/node/v20.19.4/lib/node_modules/pm2/lib/ProcessContainerFork.js:33:23)
2025-08-28T07:54:19:     at Module._compile (node:internal/modules/cjs/loader:1529:14)
2025-08-28T07:54:19:     at Module._extensions..js (node:internal/modules/cjs/loader:1613:10)
2025-08-28T07:54:19:     at Module.load (node:internal/modules/cjs/loader:1275:32)
2025-08-28T07:54:20: Error: @prisma/client did not initialize yet. Please run "prisma generate" and try to import it again.
2025-08-28T07:54:20:     at new PrismaClient (/opt/gdev/crm-mvp/node_modules/.prisma/client/default.js:43:11)
2025-08-28T07:54:20:     at Object.<anonymous> (/opt/gdev/crm-mvp/src/workers/email-sync-worker.js:7:16)
2025-08-28T07:54:20:     at Module._compile (node:internal/modules/cjs/loader:1529:14)
2025-08-28T07:54:20:     at Module._extensions..js (node:internal/modules/cjs/loader:1613:10)
2025-08-28T07:54:20:     at Module.load (node:internal/modules/cjs/loader:1275:32)
2025-08-28T07:54:20:     at Module._load (node:internal/modules/cjs/loader:1096:12)
2025-08-28T07:54:20:     at Object.<anonymous> (/home/ronaldo/.nvm/versions/node/v20.19.4/lib/node_modules/pm2/lib/ProcessContainerFork.js:33:23)
2025-08-28T07:54:20:     at Module._compile (node:internal/modules/cjs/loader:1529:14)
2025-08-28T07:54:20:     at Module._extensions..js (node:internal/modules/cjs/loader:1613:10)
2025-08-28T07:54:20:     at Module.load (node:internal/modules/cjs/loader:1275:32)
2025-08-28T07:54:20: Error: @prisma/client did not initialize yet. Please run "prisma generate" and try to import it again.
2025-08-28T07:54:20:     at new PrismaClient (/opt/gdev/crm-mvp/node_modules/.prisma/client/default.js:43:11)
2025-08-28T07:54:20:     at Object.<anonymous> (/opt/gdev/crm-mvp/src/workers/email-sync-worker.js:7:16)
2025-08-28T07:54:20:     at Module._compile (node:internal/modules/cjs/loader:1529:14)
2025-08-28T07:54:20:     at Module._extensions..js (node:internal/modules/cjs/loader:1613:10)
2025-08-28T07:54:20:     at Module.load (node:internal/modules/cjs/loader:1275:32)
2025-08-28T07:54:20:     at Module._load (node:internal/modules/cjs/loader:1096:12)
2025-08-28T07:54:20:     at Object.<anonymous> (/home/ronaldo/.nvm/versions/node/v20.19.4/lib/node_modules/pm2/lib/ProcessContainerFork.js:33:23)
2025-08-28T07:54:20:     at Module._compile (node:internal/modules/cjs/loader:1529:14)
2025-08-28T07:54:20:     at Module._extensions..js (node:internal/modules/cjs/loader:1613:10)
2025-08-28T07:54:20:     at Module.load (node:internal/modules/cjs/loader:1275:32)
2025-08-28T07:54:20: Error: @prisma/client did not initialize yet. Please run "prisma generate" and try to import it again.
2025-08-28T07:54:20:     at new PrismaClient (/opt/gdev/crm-mvp/node_modules/.prisma/client/default.js:43:11)
2025-08-28T07:54:20:     at Object.<anonymous> (/opt/gdev/crm-mvp/src/workers/email-sync-worker.js:7:16)
2025-08-28T07:54:20:     at Module._compile (node:internal/modules/cjs/loader:1529:14)
2025-08-28T07:54:20:     at Module._extensions..js (node:internal/modules/cjs/loader:1613:10)
2025-08-28T07:54:20:     at Module.load (node:internal/modules/cjs/loader:1275:32)
2025-08-28T07:54:20:     at Module._load (node:internal/modules/cjs/loader:1096:12)
2025-08-28T07:54:20:     at Object.<anonymous> (/home/ronaldo/.nvm/versions/node/v20.19.4/lib/node_modules/pm2/lib/ProcessContainerFork.js:33:23)
2025-08-28T07:54:20:     at Module._compile (node:internal/modules/cjs/loader:1529:14)
2025-08-28T07:54:20:     at Module._extensions..js (node:internal/modules/cjs/loader:1613:10)
2025-08-28T07:54:20:     at Module.load (node:internal/modules/cjs/loader:1275:32)
2025-08-28T07:54:21: Error: @prisma/client did not initialize yet. Please run "prisma generate" and try to import it again.
2025-08-28T07:54:21:     at new PrismaClient (/opt/gdev/crm-mvp/node_modules/.prisma/client/default.js:43:11)
2025-08-28T07:54:21:     at Object.<anonymous> (/opt/gdev/crm-mvp/src/workers/email-sync-worker.js:7:16)
2025-08-28T07:54:21:     at Module._compile (node:internal/modules/cjs/loader:1529:14)
2025-08-28T07:54:21:     at Module._extensions..js (node:internal/modules/cjs/loader:1613:10)
2025-08-28T07:54:21:     at Module.load (node:internal/modules/cjs/loader:1275:32)
2025-08-28T07:54:21:     at Module._load (node:internal/modules/cjs/loader:1096:12)
2025-08-28T07:54:21:     at Object.<anonymous> (/home/ronaldo/.nvm/versions/node/v20.19.4/lib/node_modules/pm2/lib/ProcessContainerFork.js:33:23)
2025-08-28T07:54:21:     at Module._compile (node:internal/modules/cjs/loader:1529:14)
2025-08-28T07:54:21:     at Module._extensions..js (node:internal/modules/cjs/loader:1613:10)
2025-08-28T07:54:21:     at Module.load (node:internal/modules/cjs/loader:1275:32)
2025-08-28T07:54:21: Error: @prisma/client did not initialize yet. Please run "prisma generate" and try to import it again.
2025-08-28T07:54:21:     at new PrismaClient (/opt/gdev/crm-mvp/node_modules/.prisma/client/default.js:43:11)
2025-08-28T07:54:21:     at Object.<anonymous> (/opt/gdev/crm-mvp/src/workers/email-sync-worker.js:7:16)
2025-08-28T07:54:21:     at Module._compile (node:internal/modules/cjs/loader:1529:14)
2025-08-28T07:54:21:     at Module._extensions..js (node:internal/modules/cjs/loader:1613:10)
2025-08-28T07:54:21:     at Module.load (node:internal/modules/cjs/loader:1275:32)
2025-08-28T07:54:21:     at Module._load (node:internal/modules/cjs/loader:1096:12)
2025-08-28T07:54:21:     at Object.<anonymous> (/home/ronaldo/.nvm/versions/node/v20.19.4/lib/node_modules/pm2/lib/ProcessContainerFork.js:33:23)
2025-08-28T07:54:21:     at Module._compile (node:internal/modules/cjs/loader:1529:14)
2025-08-28T07:54:21:     at Module._extensions..js (node:internal/modules/cjs/loader:1613:10)
2025-08-28T07:54:21:     at Module.load (node:internal/modules/cjs/loader:1275:32)
2025-08-28T07:54:21: Error: @prisma/client did not initialize yet. Please run "prisma generate" and try to import it again.
2025-08-28T07:54:21:     at new PrismaClient (/opt/gdev/crm-mvp/node_modules/.prisma/client/default.js:43:11)
2025-08-28T07:54:21:     at Object.<anonymous> (/opt/gdev/crm-mvp/src/workers/email-sync-worker.js:7:16)
2025-08-28T07:54:21:     at Module._compile (node:internal/modules/cjs/loader:1529:14)
2025-08-28T07:54:21:     at Module._extensions..js (node:internal/modules/cjs/loader:1613:10)
2025-08-28T07:54:21:     at Module.load (node:internal/modules/cjs/loader:1275:32)
2025-08-28T07:54:21:     at Module._load (node:internal/modules/cjs/loader:1096:12)
2025-08-28T07:54:21:     at Object.<anonymous> (/home/ronaldo/.nvm/versions/node/v20.19.4/lib/node_modules/pm2/lib/ProcessContainerFork.js:33:23)
2025-08-28T07:54:21:     at Module._compile (node:internal/modules/cjs/loader:1529:14)
2025-08-28T07:54:21:     at Module._extensions..js (node:internal/modules/cjs/loader:1613:10)
2025-08-28T07:54:21:     at Module.load (node:internal/modules/cjs/loader:1275:32)
2025-08-28T07:54:21: Error: @prisma/client did not initialize yet. Please run "prisma generate" and try to import it again.
2025-08-28T07:54:21:     at new PrismaClient (/opt/gdev/crm-mvp/node_modules/.prisma/client/default.js:43:11)
2025-08-28T07:54:21:     at Object.<anonymous> (/opt/gdev/crm-mvp/src/workers/email-sync-worker.js:7:16)
2025-08-28T07:54:21:     at Module._compile (node:internal/modules/cjs/loader:1529:14)
2025-08-28T07:54:21:     at Module._extensions..js (node:internal/modules/cjs/loader:1613:10)
2025-08-28T07:54:21:     at Module.load (node:internal/modules/cjs/loader:1275:32)
2025-08-28T07:54:21:     at Module._load (node:internal/modules/cjs/loader:1096:12)
2025-08-28T07:54:21:     at Object.<anonymous> (/home/ronaldo/.nvm/versions/node/v20.19.4/lib/node_modules/pm2/lib/ProcessContainerFork.js:33:23)
2025-08-28T07:54:21:     at Module._compile (node:internal/modules/cjs/loader:1529:14)
2025-08-28T07:54:21:     at Module._extensions..js (node:internal/modules/cjs/loader:1613:10)
2025-08-28T07:54:21:     at Module.load (node:internal/modules/cjs/loader:1275:32)
2025-08-28T07:54:22: Error: @prisma/client did not initialize yet. Please run "prisma generate" and try to import it again.
2025-08-28T07:54:22:     at new PrismaClient (/opt/gdev/crm-mvp/node_modules/.prisma/client/default.js:43:11)
2025-08-28T07:54:22:     at Object.<anonymous> (/opt/gdev/crm-mvp/src/workers/email-sync-worker.js:7:16)
2025-08-28T07:54:22:     at Module._compile (node:internal/modules/cjs/loader:1529:14)
2025-08-28T07:54:22:     at Module._extensions..js (node:internal/modules/cjs/loader:1613:10)
2025-08-28T07:54:22:     at Module.load (node:internal/modules/cjs/loader:1275:32)
2025-08-28T07:54:22:     at Module._load (node:internal/modules/cjs/loader:1096:12)
2025-08-28T07:54:22:     at Object.<anonymous> (/home/ronaldo/.nvm/versions/node/v20.19.4/lib/node_modules/pm2/lib/ProcessContainerFork.js:33:23)
2025-08-28T07:54:22:     at Module._compile (node:internal/modules/cjs/loader:1529:14)
2025-08-28T07:54:22:     at Module._extensions..js (node:internal/modules/cjs/loader:1613:10)
2025-08-28T07:54:22:     at Module.load (node:internal/modules/cjs/loader:1275:32)
2025-08-28T07:54:53: Error: @prisma/client did not initialize yet. Please run "prisma generate" and try to import it again.
2025-08-28T07:54:53:     at new PrismaClient (/opt/gdev/crm-mvp/node_modules/.prisma/client/default.js:43:11)
2025-08-28T07:54:53:     at Object.<anonymous> (/opt/gdev/crm-mvp/src/workers/email-sync-worker.js:7:16)
2025-08-28T07:54:53:     at Module._compile (node:internal/modules/cjs/loader:1529:14)
2025-08-28T07:54:53:     at Module._extensions..js (node:internal/modules/cjs/loader:1613:10)
2025-08-28T07:54:53:     at Module.load (node:internal/modules/cjs/loader:1275:32)
2025-08-28T07:54:53:     at Module._load (node:internal/modules/cjs/loader:1096:12)
2025-08-28T07:54:53:     at Object.<anonymous> (/home/ronaldo/.nvm/versions/node/v20.19.4/lib/node_modules/pm2/lib/ProcessContainerFork.js:33:23)
2025-08-28T07:54:53:     at Module._compile (node:internal/modules/cjs/loader:1529:14)
2025-08-28T07:54:53:     at Module._extensions..js (node:internal/modules/cjs/loader:1613:10)
2025-08-28T07:54:53:     at Module.load (node:internal/modules/cjs/loader:1275:32)
2025-08-28T07:54:53: Error: @prisma/client did not initialize yet. Please run "prisma generate" and try to import it again.
2025-08-28T07:54:53:     at new PrismaClient (/opt/gdev/crm-mvp/node_modules/.prisma/client/default.js:43:11)
2025-08-28T07:54:53:     at Object.<anonymous> (/opt/gdev/crm-mvp/src/workers/email-sync-worker.js:7:16)
2025-08-28T07:54:53:     at Module._compile (node:internal/modules/cjs/loader:1529:14)
2025-08-28T07:54:53:     at Module._extensions..js (node:internal/modules/cjs/loader:1613:10)
2025-08-28T07:54:53:     at Module.load (node:internal/modules/cjs/loader:1275:32)
2025-08-28T07:54:53:     at Module._load (node:internal/modules/cjs/loader:1096:12)
2025-08-28T07:54:53:     at Object.<anonymous> (/home/ronaldo/.nvm/versions/node/v20.19.4/lib/node_modules/pm2/lib/ProcessContainerFork.js:33:23)
2025-08-28T07:54:53:     at Module._compile (node:internal/modules/cjs/loader:1529:14)
2025-08-28T07:54:53:     at Module._extensions..js (node:internal/modules/cjs/loader:1613:10)
2025-08-28T07:54:53:     at Module.load (node:internal/modules/cjs/loader:1275:32)
2025-08-28T07:54:54: Error: @prisma/client did not initialize yet. Please run "prisma generate" and try to import it again.
2025-08-28T07:54:54:     at new PrismaClient (/opt/gdev/crm-mvp/node_modules/.prisma/client/default.js:43:11)
2025-08-28T07:54:54:     at Object.<anonymous> (/opt/gdev/crm-mvp/src/workers/email-sync-worker.js:7:16)
2025-08-28T07:54:54:     at Module._compile (node:internal/modules/cjs/loader:1529:14)
2025-08-28T07:54:54:     at Module._extensions..js (node:internal/modules/cjs/loader:1613:10)
2025-08-28T07:54:54:     at Module.load (node:internal/modules/cjs/loader:1275:32)
2025-08-28T07:54:54:     at Module._load (node:internal/modules/cjs/loader:1096:12)
2025-08-28T07:54:54:     at Object.<anonymous> (/home/ronaldo/.nvm/versions/node/v20.19.4/lib/node_modules/pm2/lib/ProcessContainerFork.js:33:23)
2025-08-28T07:54:54:     at Module._compile (node:internal/modules/cjs/loader:1529:14)
2025-08-28T07:54:54:     at Module._extensions..js (node:internal/modules/cjs/loader:1613:10)
2025-08-28T07:54:54:     at Module.load (node:internal/modules/cjs/loader:1275:32)
2025-08-28T07:54:54: Error: @prisma/client did not initialize yet. Please run "prisma generate" and try to import it again.
2025-08-28T07:54:54:     at new PrismaClient (/opt/gdev/crm-mvp/node_modules/.prisma/client/default.js:43:11)
2025-08-28T07:54:54:     at Object.<anonymous> (/opt/gdev/crm-mvp/src/workers/email-sync-worker.js:7:16)
2025-08-28T07:54:54:     at Module._compile (node:internal/modules/cjs/loader:1529:14)
2025-08-28T07:54:54:     at Module._extensions..js (node:internal/modules/cjs/loader:1613:10)
2025-08-28T07:54:54:     at Module.load (node:internal/modules/cjs/loader:1275:32)
2025-08-28T07:54:54:     at Module._load (node:internal/modules/cjs/loader:1096:12)
2025-08-28T07:54:54:     at Object.<anonymous> (/home/ronaldo/.nvm/versions/node/v20.19.4/lib/node_modules/pm2/lib/ProcessContainerFork.js:33:23)
2025-08-28T07:54:54:     at Module._compile (node:internal/modules/cjs/loader:1529:14)
2025-08-28T07:54:54:     at Module._extensions..js (node:internal/modules/cjs/loader:1613:10)
2025-08-28T07:54:54:     at Module.load (node:internal/modules/cjs/loader:1275:32)
2025-08-28T07:54:54: Error: @prisma/client did not initialize yet. Please run "prisma generate" and try to import it again.
2025-08-28T07:54:54:     at new PrismaClient (/opt/gdev/crm-mvp/node_modules/.prisma/client/default.js:43:11)
2025-08-28T07:54:54:     at Object.<anonymous> (/opt/gdev/crm-mvp/src/workers/email-sync-worker.js:7:16)
2025-08-28T07:54:54:     at Module._compile (node:internal/modules/cjs/loader:1529:14)
2025-08-28T07:54:54:     at Module._extensions..js (node:internal/modules/cjs/loader:1613:10)
2025-08-28T07:54:54:     at Module.load (node:internal/modules/cjs/loader:1275:32)
2025-08-28T07:54:54:     at Module._load (node:internal/modules/cjs/loader:1096:12)
2025-08-28T07:54:54:     at Object.<anonymous> (/home/ronaldo/.nvm/versions/node/v20.19.4/lib/node_modules/pm2/lib/ProcessContainerFork.js:33:23)
2025-08-28T07:54:54:     at Module._compile (node:internal/modules/cjs/loader:1529:14)
2025-08-28T07:54:54:     at Module._extensions..js (node:internal/modules/cjs/loader:1613:10)
2025-08-28T07:54:54:     at Module.load (node:internal/modules/cjs/loader:1275:32)
2025-08-28T07:54:55: Error: @prisma/client did not initialize yet. Please run "prisma generate" and try to import it again.
2025-08-28T07:54:55:     at new PrismaClient (/opt/gdev/crm-mvp/node_modules/.prisma/client/default.js:43:11)
2025-08-28T07:54:55:     at Object.<anonymous> (/opt/gdev/crm-mvp/src/workers/email-sync-worker.js:7:16)
2025-08-28T07:54:55:     at Module._compile (node:internal/modules/cjs/loader:1529:14)
2025-08-28T07:54:55:     at Module._extensions..js (node:internal/modules/cjs/loader:1613:10)
2025-08-28T07:54:55:     at Module.load (node:internal/modules/cjs/loader:1275:32)
2025-08-28T07:54:55:     at Module._load (node:internal/modules/cjs/loader:1096:12)
2025-08-28T07:54:55:     at Object.<anonymous> (/home/ronaldo/.nvm/versions/node/v20.19.4/lib/node_modules/pm2/lib/ProcessContainerFork.js:33:23)
2025-08-28T07:54:55:     at Module._compile (node:internal/modules/cjs/loader:1529:14)
2025-08-28T07:54:55:     at Module._extensions..js (node:internal/modules/cjs/loader:1613:10)
2025-08-28T07:54:55:     at Module.load (node:internal/modules/cjs/loader:1275:32)
2025-08-28T07:54:55: Error: @prisma/client did not initialize yet. Please run "prisma generate" and try to import it again.
2025-08-28T07:54:55:     at new PrismaClient (/opt/gdev/crm-mvp/node_modules/.prisma/client/default.js:43:11)
2025-08-28T07:54:55:     at Object.<anonymous> (/opt/gdev/crm-mvp/src/workers/email-sync-worker.js:7:16)
2025-08-28T07:54:55:     at Module._compile (node:internal/modules/cjs/loader:1529:14)
2025-08-28T07:54:55:     at Module._extensions..js (node:internal/modules/cjs/loader:1613:10)
2025-08-28T07:54:55:     at Module.load (node:internal/modules/cjs/loader:1275:32)
2025-08-28T07:54:55:     at Module._load (node:internal/modules/cjs/loader:1096:12)
2025-08-28T07:54:55:     at Object.<anonymous> (/home/ronaldo/.nvm/versions/node/v20.19.4/lib/node_modules/pm2/lib/ProcessContainerFork.js:33:23)
2025-08-28T07:54:55:     at Module._compile (node:internal/modules/cjs/loader:1529:14)
2025-08-28T07:54:55:     at Module._extensions..js (node:internal/modules/cjs/loader:1613:10)
2025-08-28T07:54:55:     at Module.load (node:internal/modules/cjs/loader:1275:32)
2025-08-28T07:54:55: Error: @prisma/client did not initialize yet. Please run "prisma generate" and try to import it again.
2025-08-28T07:54:55:     at new PrismaClient (/opt/gdev/crm-mvp/node_modules/.prisma/client/default.js:43:11)
2025-08-28T07:54:55:     at Object.<anonymous> (/opt/gdev/crm-mvp/src/workers/email-sync-worker.js:7:16)
2025-08-28T07:54:55:     at Module._compile (node:internal/modules/cjs/loader:1529:14)
2025-08-28T07:54:55:     at Module._extensions..js (node:internal/modules/cjs/loader:1613:10)
2025-08-28T07:54:55:     at Module.load (node:internal/modules/cjs/loader:1275:32)
2025-08-28T07:54:55:     at Module._load (node:internal/modules/cjs/loader:1096:12)
2025-08-28T07:54:55:     at Object.<anonymous> (/home/ronaldo/.nvm/versions/node/v20.19.4/lib/node_modules/pm2/lib/ProcessContainerFork.js:33:23)
2025-08-28T07:54:55:     at Module._compile (node:internal/modules/cjs/loader:1529:14)
2025-08-28T07:54:55:     at Module._extensions..js (node:internal/modules/cjs/loader:1613:10)
2025-08-28T07:54:55:     at Module.load (node:internal/modules/cjs/loader:1275:32)
2025-08-28T07:54:55: Error: @prisma/client did not initialize yet. Please run "prisma generate" and try to import it again.
2025-08-28T07:54:55:     at new PrismaClient (/opt/gdev/crm-mvp/node_modules/.prisma/client/default.js:43:11)
2025-08-28T07:54:55:     at Object.<anonymous> (/opt/gdev/crm-mvp/src/workers/email-sync-worker.js:7:16)
2025-08-28T07:54:55:     at Module._compile (node:internal/modules/cjs/loader:1529:14)
2025-08-28T07:54:55:     at Module._extensions..js (node:internal/modules/cjs/loader:1613:10)
2025-08-28T07:54:55:     at Module.load (node:internal/modules/cjs/loader:1275:32)
2025-08-28T07:54:55:     at Module._load (node:internal/modules/cjs/loader:1096:12)
2025-08-28T07:54:55:     at Object.<anonymous> (/home/ronaldo/.nvm/versions/node/v20.19.4/lib/node_modules/pm2/lib/ProcessContainerFork.js:33:23)
2025-08-28T07:54:55:     at Module._compile (node:internal/modules/cjs/loader:1529:14)
2025-08-28T07:54:55:     at Module._extensions..js (node:internal/modules/cjs/loader:1613:10)
2025-08-28T07:54:55:     at Module.load (node:internal/modules/cjs/loader:1275:32)
2025-08-28T07:54:56: Error: @prisma/client did not initialize yet. Please run "prisma generate" and try to import it again.
2025-08-28T07:54:56:     at new PrismaClient (/opt/gdev/crm-mvp/node_modules/.prisma/client/default.js:43:11)
2025-08-28T07:54:56:     at Object.<anonymous> (/opt/gdev/crm-mvp/src/workers/email-sync-worker.js:7:16)
2025-08-28T07:54:56:     at Module._compile (node:internal/modules/cjs/loader:1529:14)
2025-08-28T07:54:56:     at Module._extensions..js (node:internal/modules/cjs/loader:1613:10)
2025-08-28T07:54:56:     at Module.load (node:internal/modules/cjs/loader:1275:32)
2025-08-28T07:54:56:     at Module._load (node:internal/modules/cjs/loader:1096:12)
2025-08-28T07:54:56:     at Object.<anonymous> (/home/ronaldo/.nvm/versions/node/v20.19.4/lib/node_modules/pm2/lib/ProcessContainerFork.js:33:23)
2025-08-28T07:54:56:     at Module._compile (node:internal/modules/cjs/loader:1529:14)
2025-08-28T07:54:56:     at Module._extensions..js (node:internal/modules/cjs/loader:1613:10)
2025-08-28T07:54:56:     at Module.load (node:internal/modules/cjs/loader:1275:32)
2025-08-28T07:59:31: Error: @prisma/client did not initialize yet. Please run "prisma generate" and try to import it again.
2025-08-28T07:59:31:     at new PrismaClient (/opt/gdev/crm-mvp/node_modules/.prisma/client/default.js:43:11)
2025-08-28T07:59:31:     at Object.<anonymous> (/opt/gdev/crm-mvp/src/workers/email-sync-worker.js:7:16)
2025-08-28T07:59:31:     at Module._compile (node:internal/modules/cjs/loader:1529:14)
2025-08-28T07:59:31:     at Module._extensions..js (node:internal/modules/cjs/loader:1613:10)
2025-08-28T07:59:31:     at Module.load (node:internal/modules/cjs/loader:1275:32)
2025-08-28T07:59:31:     at Module._load (node:internal/modules/cjs/loader:1096:12)
2025-08-28T07:59:31:     at Object.<anonymous> (/home/ronaldo/.nvm/versions/node/v20.19.4/lib/node_modules/pm2/lib/ProcessContainerFork.js:33:23)
2025-08-28T07:59:31:     at Module._compile (node:internal/modules/cjs/loader:1529:14)
2025-08-28T07:59:31:     at Module._extensions..js (node:internal/modules/cjs/loader:1613:10)
2025-08-28T07:59:31:     at Module.load (node:internal/modules/cjs/loader:1275:32)
2025-08-28T07:59:32: Error: @prisma/client did not initialize yet. Please run "prisma generate" and try to import it again.
2025-08-28T07:59:32:     at new PrismaClient (/opt/gdev/crm-mvp/node_modules/.prisma/client/default.js:43:11)
2025-08-28T07:59:32:     at Object.<anonymous> (/opt/gdev/crm-mvp/src/workers/email-sync-worker.js:7:16)
2025-08-28T07:59:32:     at Module._compile (node:internal/modules/cjs/loader:1529:14)
2025-08-28T07:59:32:     at Module._extensions..js (node:internal/modules/cjs/loader:1613:10)
2025-08-28T07:59:32:     at Module.load (node:internal/modules/cjs/loader:1275:32)
2025-08-28T07:59:32:     at Module._load (node:internal/modules/cjs/loader:1096:12)
2025-08-28T07:59:32:     at Object.<anonymous> (/home/ronaldo/.nvm/versions/node/v20.19.4/lib/node_modules/pm2/lib/ProcessContainerFork.js:33:23)
2025-08-28T07:59:32:     at Module._compile (node:internal/modules/cjs/loader:1529:14)
2025-08-28T07:59:32:     at Module._extensions..js (node:internal/modules/cjs/loader:1613:10)
2025-08-28T07:59:32:     at Module.load (node:internal/modules/cjs/loader:1275:32)
2025-08-28T07:59:32: Error: @prisma/client did not initialize yet. Please run "prisma generate" and try to import it again.
2025-08-28T07:59:32:     at new PrismaClient (/opt/gdev/crm-mvp/node_modules/.prisma/client/default.js:43:11)
2025-08-28T07:59:32:     at Object.<anonymous> (/opt/gdev/crm-mvp/src/workers/email-sync-worker.js:7:16)
2025-08-28T07:59:32:     at Module._compile (node:internal/modules/cjs/loader:1529:14)
2025-08-28T07:59:32:     at Module._extensions..js (node:internal/modules/cjs/loader:1613:10)
2025-08-28T07:59:32:     at Module.load (node:internal/modules/cjs/loader:1275:32)
2025-08-28T07:59:32:     at Module._load (node:internal/modules/cjs/loader:1096:12)
2025-08-28T07:59:32:     at Object.<anonymous> (/home/ronaldo/.nvm/versions/node/v20.19.4/lib/node_modules/pm2/lib/ProcessContainerFork.js:33:23)
2025-08-28T07:59:32:     at Module._compile (node:internal/modules/cjs/loader:1529:14)
2025-08-28T07:59:32:     at Module._extensions..js (node:internal/modules/cjs/loader:1613:10)
2025-08-28T07:59:32:     at Module.load (node:internal/modules/cjs/loader:1275:32)
2025-08-28T07:59:33: Error: @prisma/client did not initialize yet. Please run "prisma generate" and try to import it again.
2025-08-28T07:59:33:     at new PrismaClient (/opt/gdev/crm-mvp/node_modules/.prisma/client/default.js:43:11)
2025-08-28T07:59:33:     at Object.<anonymous> (/opt/gdev/crm-mvp/src/workers/email-sync-worker.js:7:16)
2025-08-28T07:59:33:     at Module._compile (node:internal/modules/cjs/loader:1529:14)
2025-08-28T07:59:33:     at Module._extensions..js (node:internal/modules/cjs/loader:1613:10)
2025-08-28T07:59:33:     at Module.load (node:internal/modules/cjs/loader:1275:32)
2025-08-28T07:59:33:     at Module._load (node:internal/modules/cjs/loader:1096:12)
2025-08-28T07:59:33:     at Object.<anonymous> (/home/ronaldo/.nvm/versions/node/v20.19.4/lib/node_modules/pm2/lib/ProcessContainerFork.js:33:23)
2025-08-28T07:59:33:     at Module._compile (node:internal/modules/cjs/loader:1529:14)
2025-08-28T07:59:33:     at Module._extensions..js (node:internal/modules/cjs/loader:1613:10)
2025-08-28T07:59:33:     at Module.load (node:internal/modules/cjs/loader:1275:32)
2025-08-28T07:59:33: Error: @prisma/client did not initialize yet. Please run "prisma generate" and try to import it again.
2025-08-28T07:59:33:     at new PrismaClient (/opt/gdev/crm-mvp/node_modules/.prisma/client/default.js:43:11)
2025-08-28T07:59:33:     at Object.<anonymous> (/opt/gdev/crm-mvp/src/workers/email-sync-worker.js:7:16)
2025-08-28T07:59:33:     at Module._compile (node:internal/modules/cjs/loader:1529:14)
2025-08-28T07:59:33:     at Module._extensions..js (node:internal/modules/cjs/loader:1613:10)
2025-08-28T07:59:33:     at Module.load (node:internal/modules/cjs/loader:1275:32)
2025-08-28T07:59:33:     at Module._load (node:internal/modules/cjs/loader:1096:12)
2025-08-28T07:59:33:     at Object.<anonymous> (/home/ronaldo/.nvm/versions/node/v20.19.4/lib/node_modules/pm2/lib/ProcessContainerFork.js:33:23)
2025-08-28T07:59:33:     at Module._compile (node:internal/modules/cjs/loader:1529:14)
2025-08-28T07:59:33:     at Module._extensions..js (node:internal/modules/cjs/loader:1613:10)
2025-08-28T07:59:33:     at Module.load (node:internal/modules/cjs/loader:1275:32)
2025-08-28T07:59:33: Error: @prisma/client did not initialize yet. Please run "prisma generate" and try to import it again.
2025-08-28T07:59:33:     at new PrismaClient (/opt/gdev/crm-mvp/node_modules/.prisma/client/default.js:43:11)
2025-08-28T07:59:33:     at Object.<anonymous> (/opt/gdev/crm-mvp/src/workers/email-sync-worker.js:7:16)
2025-08-28T07:59:33:     at Module._compile (node:internal/modules/cjs/loader:1529:14)
2025-08-28T07:59:33:     at Module._extensions..js (node:internal/modules/cjs/loader:1613:10)
2025-08-28T07:59:33:     at Module.load (node:internal/modules/cjs/loader:1275:32)
2025-08-28T07:59:33:     at Module._load (node:internal/modules/cjs/loader:1096:12)
2025-08-28T07:59:33:     at Object.<anonymous> (/home/ronaldo/.nvm/versions/node/v20.19.4/lib/node_modules/pm2/lib/ProcessContainerFork.js:33:23)
2025-08-28T07:59:33:     at Module._compile (node:internal/modules/cjs/loader:1529:14)
2025-08-28T07:59:33:     at Module._extensions..js (node:internal/modules/cjs/loader:1613:10)
2025-08-28T07:59:33:     at Module.load (node:internal/modules/cjs/loader:1275:32)
2025-08-28T07:59:33: Error: @prisma/client did not initialize yet. Please run "prisma generate" and try to import it again.
2025-08-28T07:59:33:     at new PrismaClient (/opt/gdev/crm-mvp/node_modules/.prisma/client/default.js:43:11)
2025-08-28T07:59:33:     at Object.<anonymous> (/opt/gdev/crm-mvp/src/workers/email-sync-worker.js:7:16)
2025-08-28T07:59:33:     at Module._compile (node:internal/modules/cjs/loader:1529:14)
2025-08-28T07:59:33:     at Module._extensions..js (node:internal/modules/cjs/loader:1613:10)
2025-08-28T07:59:33:     at Module.load (node:internal/modules/cjs/loader:1275:32)
2025-08-28T07:59:33:     at Module._load (node:internal/modules/cjs/loader:1096:12)
2025-08-28T07:59:33:     at Object.<anonymous> (/home/ronaldo/.nvm/versions/node/v20.19.4/lib/node_modules/pm2/lib/ProcessContainerFork.js:33:23)
2025-08-28T07:59:33:     at Module._compile (node:internal/modules/cjs/loader:1529:14)
2025-08-28T07:59:33:     at Module._extensions..js (node:internal/modules/cjs/loader:1613:10)
2025-08-28T07:59:33:     at Module.load (node:internal/modules/cjs/loader:1275:32)
2025-08-28T07:59:34: Error: @prisma/client did not initialize yet. Please run "prisma generate" and try to import it again.
2025-08-28T07:59:34:     at new PrismaClient (/opt/gdev/crm-mvp/node_modules/.prisma/client/default.js:43:11)
2025-08-28T07:59:34:     at Object.<anonymous> (/opt/gdev/crm-mvp/src/workers/email-sync-worker.js:7:16)
2025-08-28T07:59:34:     at Module._compile (node:internal/modules/cjs/loader:1529:14)
2025-08-28T07:59:34:     at Module._extensions..js (node:internal/modules/cjs/loader:1613:10)
2025-08-28T07:59:34:     at Module.load (node:internal/modules/cjs/loader:1275:32)
2025-08-28T07:59:34:     at Module._load (node:internal/modules/cjs/loader:1096:12)
2025-08-28T07:59:34:     at Object.<anonymous> (/home/ronaldo/.nvm/versions/node/v20.19.4/lib/node_modules/pm2/lib/ProcessContainerFork.js:33:23)
2025-08-28T07:59:34:     at Module._compile (node:internal/modules/cjs/loader:1529:14)
2025-08-28T07:59:34:     at Module._extensions..js (node:internal/modules/cjs/loader:1613:10)
2025-08-28T07:59:34:     at Module.load (node:internal/modules/cjs/loader:1275:32)
2025-08-28T07:59:34: Error: @prisma/client did not initialize yet. Please run "prisma generate" and try to import it again.
2025-08-28T07:59:34:     at new PrismaClient (/opt/gdev/crm-mvp/node_modules/.prisma/client/default.js:43:11)
2025-08-28T07:59:34:     at Object.<anonymous> (/opt/gdev/crm-mvp/src/workers/email-sync-worker.js:7:16)
2025-08-28T07:59:34:     at Module._compile (node:internal/modules/cjs/loader:1529:14)
2025-08-28T07:59:34:     at Module._extensions..js (node:internal/modules/cjs/loader:1613:10)
2025-08-28T07:59:34:     at Module.load (node:internal/modules/cjs/loader:1275:32)
2025-08-28T07:59:34:     at Module._load (node:internal/modules/cjs/loader:1096:12)
2025-08-28T07:59:34:     at Object.<anonymous> (/home/ronaldo/.nvm/versions/node/v20.19.4/lib/node_modules/pm2/lib/ProcessContainerFork.js:33:23)
2025-08-28T07:59:34:     at Module._compile (node:internal/modules/cjs/loader:1529:14)
2025-08-28T07:59:34:     at Module._extensions..js (node:internal/modules/cjs/loader:1613:10)
2025-08-28T07:59:34:     at Module.load (node:internal/modules/cjs/loader:1275:32)
2025-08-28T07:59:34: Error: @prisma/client did not initialize yet. Please run "prisma generate" and try to import it again.
2025-08-28T07:59:34:     at new PrismaClient (/opt/gdev/crm-mvp/node_modules/.prisma/client/default.js:43:11)
2025-08-28T07:59:34:     at Object.<anonymous> (/opt/gdev/crm-mvp/src/workers/email-sync-worker.js:7:16)
2025-08-28T07:59:34:     at Module._compile (node:internal/modules/cjs/loader:1529:14)
2025-08-28T07:59:34:     at Module._extensions..js (node:internal/modules/cjs/loader:1613:10)
2025-08-28T07:59:34:     at Module.load (node:internal/modules/cjs/loader:1275:32)
2025-08-28T07:59:34:     at Module._load (node:internal/modules/cjs/loader:1096:12)
2025-08-28T07:59:34:     at Object.<anonymous> (/home/ronaldo/.nvm/versions/node/v20.19.4/lib/node_modules/pm2/lib/ProcessContainerFork.js:33:23)
2025-08-28T07:59:34:     at Module._compile (node:internal/modules/cjs/loader:1529:14)
2025-08-28T07:59:34:     at Module._extensions..js (node:internal/modules/cjs/loader:1613:10)
2025-08-28T07:59:34:     at Module.load (node:internal/modules/cjs/loader:1275:32)
2025-08-28T08:00:00: Error: @prisma/client did not initialize yet. Please run "prisma generate" and try to import it again.
2025-08-28T08:00:00:     at new PrismaClient (/opt/gdev/crm-mvp/node_modules/.prisma/client/default.js:43:11)
2025-08-28T08:00:00:     at Object.<anonymous> (/opt/gdev/crm-mvp/src/workers/email-sync-worker.js:7:16)
2025-08-28T08:00:00:     at Module._compile (node:internal/modules/cjs/loader:1529:14)
2025-08-28T08:00:00:     at Module._extensions..js (node:internal/modules/cjs/loader:1613:10)
2025-08-28T08:00:00:     at Module.load (node:internal/modules/cjs/loader:1275:32)
2025-08-28T08:00:00:     at Module._load (node:internal/modules/cjs/loader:1096:12)
2025-08-28T08:00:00:     at Object.<anonymous> (/home/ronaldo/.nvm/versions/node/v20.19.4/lib/node_modules/pm2/lib/ProcessContainerFork.js:33:23)
2025-08-28T08:00:00:     at Module._compile (node:internal/modules/cjs/loader:1529:14)
2025-08-28T08:00:00:     at Module._extensions..js (node:internal/modules/cjs/loader:1613:10)
2025-08-28T08:00:00:     at Module.load (node:internal/modules/cjs/loader:1275:32)
2025-08-28T08:00:00: Error: @prisma/client did not initialize yet. Please run "prisma generate" and try to import it again.
2025-08-28T08:00:00:     at new PrismaClient (/opt/gdev/crm-mvp/node_modules/.prisma/client/default.js:43:11)
2025-08-28T08:00:00:     at Object.<anonymous> (/opt/gdev/crm-mvp/src/workers/email-sync-worker.js:7:16)
2025-08-28T08:00:00:     at Module._compile (node:internal/modules/cjs/loader:1529:14)
2025-08-28T08:00:00:     at Module._extensions..js (node:internal/modules/cjs/loader:1613:10)
2025-08-28T08:00:00:     at Module.load (node:internal/modules/cjs/loader:1275:32)
2025-08-28T08:00:00:     at Module._load (node:internal/modules/cjs/loader:1096:12)
2025-08-28T08:00:00:     at Object.<anonymous> (/home/ronaldo/.nvm/versions/node/v20.19.4/lib/node_modules/pm2/lib/ProcessContainerFork.js:33:23)
2025-08-28T08:00:00:     at Module._compile (node:internal/modules/cjs/loader:1529:14)
2025-08-28T08:00:00:     at Module._extensions..js (node:internal/modules/cjs/loader:1613:10)
2025-08-28T08:00:00:     at Module.load (node:internal/modules/cjs/loader:1275:32)
2025-08-28T08:00:00: Error: @prisma/client did not initialize yet. Please run "prisma generate" and try to import it again.
2025-08-28T08:00:00:     at new PrismaClient (/opt/gdev/crm-mvp/node_modules/.prisma/client/default.js:43:11)
2025-08-28T08:00:00:     at Object.<anonymous> (/opt/gdev/crm-mvp/src/workers/email-sync-worker.js:7:16)
2025-08-28T08:00:00:     at Module._compile (node:internal/modules/cjs/loader:1529:14)
2025-08-28T08:00:00:     at Module._extensions..js (node:internal/modules/cjs/loader:1613:10)
2025-08-28T08:00:00:     at Module.load (node:internal/modules/cjs/loader:1275:32)
2025-08-28T08:00:00:     at Module._load (node:internal/modules/cjs/loader:1096:12)
2025-08-28T08:00:00:     at Object.<anonymous> (/home/ronaldo/.nvm/versions/node/v20.19.4/lib/node_modules/pm2/lib/ProcessContainerFork.js:33:23)
2025-08-28T08:00:00:     at Module._compile (node:internal/modules/cjs/loader:1529:14)
2025-08-28T08:00:00:     at Module._extensions..js (node:internal/modules/cjs/loader:1613:10)
2025-08-28T08:00:00:     at Module.load (node:internal/modules/cjs/loader:1275:32)
2025-08-28T08:00:01: Error: @prisma/client did not initialize yet. Please run "prisma generate" and try to import it again.
2025-08-28T08:00:01:     at new PrismaClient (/opt/gdev/crm-mvp/node_modules/.prisma/client/default.js:43:11)
2025-08-28T08:00:01:     at Object.<anonymous> (/opt/gdev/crm-mvp/src/workers/email-sync-worker.js:7:16)
2025-08-28T08:00:01:     at Module._compile (node:internal/modules/cjs/loader:1529:14)
2025-08-28T08:00:01:     at Module._extensions..js (node:internal/modules/cjs/loader:1613:10)
2025-08-28T08:00:01:     at Module.load (node:internal/modules/cjs/loader:1275:32)
2025-08-28T08:00:01:     at Module._load (node:internal/modules/cjs/loader:1096:12)
2025-08-28T08:00:01:     at Object.<anonymous> (/home/ronaldo/.nvm/versions/node/v20.19.4/lib/node_modules/pm2/lib/ProcessContainerFork.js:33:23)
2025-08-28T08:00:01:     at Module._compile (node:internal/modules/cjs/loader:1529:14)
2025-08-28T08:00:01:     at Module._extensions..js (node:internal/modules/cjs/loader:1613:10)
2025-08-28T08:00:01:     at Module.load (node:internal/modules/cjs/loader:1275:32)
2025-08-28T08:00:01: Error: @prisma/client did not initialize yet. Please run "prisma generate" and try to import it again.
2025-08-28T08:00:01:     at new PrismaClient (/opt/gdev/crm-mvp/node_modules/.prisma/client/default.js:43:11)
2025-08-28T08:00:01:     at Object.<anonymous> (/opt/gdev/crm-mvp/src/workers/email-sync-worker.js:7:16)
2025-08-28T08:00:01:     at Module._compile (node:internal/modules/cjs/loader:1529:14)
2025-08-28T08:00:01:     at Module._extensions..js (node:internal/modules/cjs/loader:1613:10)
2025-08-28T08:00:01:     at Module.load (node:internal/modules/cjs/loader:1275:32)
2025-08-28T08:00:01:     at Module._load (node:internal/modules/cjs/loader:1096:12)
2025-08-28T08:00:01:     at Object.<anonymous> (/home/ronaldo/.nvm/versions/node/v20.19.4/lib/node_modules/pm2/lib/ProcessContainerFork.js:33:23)
2025-08-28T08:00:01:     at Module._compile (node:internal/modules/cjs/loader:1529:14)
2025-08-28T08:00:01:     at Module._extensions..js (node:internal/modules/cjs/loader:1613:10)
2025-08-28T08:00:01:     at Module.load (node:internal/modules/cjs/loader:1275:32)
2025-08-28T08:00:01: Error: @prisma/client did not initialize yet. Please run "prisma generate" and try to import it again.
2025-08-28T08:00:01:     at new PrismaClient (/opt/gdev/crm-mvp/node_modules/.prisma/client/default.js:43:11)
2025-08-28T08:00:01:     at Object.<anonymous> (/opt/gdev/crm-mvp/src/workers/email-sync-worker.js:7:16)
2025-08-28T08:00:01:     at Module._compile (node:internal/modules/cjs/loader:1529:14)
2025-08-28T08:00:01:     at Module._extensions..js (node:internal/modules/cjs/loader:1613:10)
2025-08-28T08:00:01:     at Module.load (node:internal/modules/cjs/loader:1275:32)
2025-08-28T08:00:01:     at Module._load (node:internal/modules/cjs/loader:1096:12)
2025-08-28T08:00:01:     at Object.<anonymous> (/home/ronaldo/.nvm/versions/node/v20.19.4/lib/node_modules/pm2/lib/ProcessContainerFork.js:33:23)
2025-08-28T08:00:01:     at Module._compile (node:internal/modules/cjs/loader:1529:14)
2025-08-28T08:00:01:     at Module._extensions..js (node:internal/modules/cjs/loader:1613:10)
2025-08-28T08:00:01:     at Module.load (node:internal/modules/cjs/loader:1275:32)
2025-08-28T08:00:01: Error: @prisma/client did not initialize yet. Please run "prisma generate" and try to import it again.
2025-08-28T08:00:01:     at new PrismaClient (/opt/gdev/crm-mvp/node_modules/.prisma/client/default.js:43:11)
2025-08-28T08:00:01:     at Object.<anonymous> (/opt/gdev/crm-mvp/src/workers/email-sync-worker.js:7:16)
2025-08-28T08:00:01:     at Module._compile (node:internal/modules/cjs/loader:1529:14)
2025-08-28T08:00:01:     at Module._extensions..js (node:internal/modules/cjs/loader:1613:10)
2025-08-28T08:00:01:     at Module.load (node:internal/modules/cjs/loader:1275:32)
2025-08-28T08:00:01:     at Module._load (node:internal/modules/cjs/loader:1096:12)
2025-08-28T08:00:01:     at Object.<anonymous> (/home/ronaldo/.nvm/versions/node/v20.19.4/lib/node_modules/pm2/lib/ProcessContainerFork.js:33:23)
2025-08-28T08:00:01:     at Module._compile (node:internal/modules/cjs/loader:1529:14)
2025-08-28T08:00:01:     at Module._extensions..js (node:internal/modules/cjs/loader:1613:10)
2025-08-28T08:00:01:     at Module.load (node:internal/modules/cjs/loader:1275:32)
2025-08-28T08:00:02: Error: @prisma/client did not initialize yet. Please run "prisma generate" and try to import it again.
2025-08-28T08:00:02:     at new PrismaClient (/opt/gdev/crm-mvp/node_modules/.prisma/client/default.js:43:11)
2025-08-28T08:00:02:     at Object.<anonymous> (/opt/gdev/crm-mvp/src/workers/email-sync-worker.js:7:16)
2025-08-28T08:00:02:     at Module._compile (node:internal/modules/cjs/loader:1529:14)
2025-08-28T08:00:02:     at Module._extensions..js (node:internal/modules/cjs/loader:1613:10)
2025-08-28T08:00:02:     at Module.load (node:internal/modules/cjs/loader:1275:32)
2025-08-28T08:00:02:     at Module._load (node:internal/modules/cjs/loader:1096:12)
2025-08-28T08:00:02:     at Object.<anonymous> (/home/ronaldo/.nvm/versions/node/v20.19.4/lib/node_modules/pm2/lib/ProcessContainerFork.js:33:23)
2025-08-28T08:00:02:     at Module._compile (node:internal/modules/cjs/loader:1529:14)
2025-08-28T08:00:02:     at Module._extensions..js (node:internal/modules/cjs/loader:1613:10)
2025-08-28T08:00:02:     at Module.load (node:internal/modules/cjs/loader:1275:32)
2025-08-28T08:00:02: Error: @prisma/client did not initialize yet. Please run "prisma generate" and try to import it again.
2025-08-28T08:00:02:     at new PrismaClient (/opt/gdev/crm-mvp/node_modules/.prisma/client/default.js:43:11)
2025-08-28T08:00:02:     at Object.<anonymous> (/opt/gdev/crm-mvp/src/workers/email-sync-worker.js:7:16)
2025-08-28T08:00:02:     at Module._compile (node:internal/modules/cjs/loader:1529:14)
2025-08-28T08:00:02:     at Module._extensions..js (node:internal/modules/cjs/loader:1613:10)
2025-08-28T08:00:02:     at Module.load (node:internal/modules/cjs/loader:1275:32)
2025-08-28T08:00:02:     at Module._load (node:internal/modules/cjs/loader:1096:12)
2025-08-28T08:00:02:     at Object.<anonymous> (/home/ronaldo/.nvm/versions/node/v20.19.4/lib/node_modules/pm2/lib/ProcessContainerFork.js:33:23)
2025-08-28T08:00:02:     at Module._compile (node:internal/modules/cjs/loader:1529:14)
2025-08-28T08:00:02:     at Module._extensions..js (node:internal/modules/cjs/loader:1613:10)
2025-08-28T08:00:02:     at Module.load (node:internal/modules/cjs/loader:1275:32)
2025-08-28T08:00:02: Error: @prisma/client did not initialize yet. Please run "prisma generate" and try to import it again.
2025-08-28T08:00:02:     at new PrismaClient (/opt/gdev/crm-mvp/node_modules/.prisma/client/default.js:43:11)
2025-08-28T08:00:02:     at Object.<anonymous> (/opt/gdev/crm-mvp/src/workers/email-sync-worker.js:7:16)
2025-08-28T08:00:02:     at Module._compile (node:internal/modules/cjs/loader:1529:14)
2025-08-28T08:00:02:     at Module._extensions..js (node:internal/modules/cjs/loader:1613:10)
2025-08-28T08:00:02:     at Module.load (node:internal/modules/cjs/loader:1275:32)
2025-08-28T08:00:02:     at Module._load (node:internal/modules/cjs/loader:1096:12)
2025-08-28T08:00:02:     at Object.<anonymous> (/home/ronaldo/.nvm/versions/node/v20.19.4/lib/node_modules/pm2/lib/ProcessContainerFork.js:33:23)
2025-08-28T08:00:02:     at Module._compile (node:internal/modules/cjs/loader:1529:14)
2025-08-28T08:00:02:     at Module._extensions..js (node:internal/modules/cjs/loader:1613:10)
2025-08-28T08:00:02:     at Module.load (node:internal/modules/cjs/loader:1275:32)
