2025-08-25T15:14:13: Error: @prisma/client did not initialize yet. Please run "prisma generate" and try to import it again.
2025-08-25T15:14:13:     at new PrismaClient (c:\projetos\mvp28\node_modules\.prisma\client\default.js:43:11)
2025-08-25T15:14:13:     at Object.<anonymous> (c:\projetos\mvp28\src\workers\email-sync-worker.js:7:16)
2025-08-25T15:14:13:     at Module._compile (node:internal/modules/cjs/loader:1376:14)
2025-08-25T15:14:13:     at Module._extensions..js (node:internal/modules/cjs/loader:1435:10)
2025-08-25T15:14:13:     at Module.load (node:internal/modules/cjs/loader:1207:32)
2025-08-25T15:14:13:     at Module._load (node:internal/modules/cjs/loader:1023:12)
2025-08-25T15:14:13:     at Object.<anonymous> (C:\Users\ronaldo\AppData\Roaming\npm\node_modules\pm2\lib\ProcessContainerFork.js:33:23)
2025-08-25T15:14:13:     at Module._compile (node:internal/modules/cjs/loader:1376:14)
2025-08-25T15:14:13:     at Module._extensions..js (node:internal/modules/cjs/loader:1435:10)
2025-08-25T15:14:13:     at Module.load (node:internal/modules/cjs/loader:1207:32)
2025-08-25T15:14:13: Error: @prisma/client did not initialize yet. Please run "prisma generate" and try to import it again.
2025-08-25T15:14:13:     at new PrismaClient (c:\projetos\mvp28\node_modules\.prisma\client\default.js:43:11)
2025-08-25T15:14:13:     at Object.<anonymous> (c:\projetos\mvp28\src\workers\email-sync-worker.js:7:16)
2025-08-25T15:14:13:     at Module._compile (node:internal/modules/cjs/loader:1376:14)
2025-08-25T15:14:13:     at Module._extensions..js (node:internal/modules/cjs/loader:1435:10)
2025-08-25T15:14:13:     at Module.load (node:internal/modules/cjs/loader:1207:32)
2025-08-25T15:14:13:     at Module._load (node:internal/modules/cjs/loader:1023:12)
2025-08-25T15:14:13:     at Object.<anonymous> (C:\Users\ronaldo\AppData\Roaming\npm\node_modules\pm2\lib\ProcessContainerFork.js:33:23)
2025-08-25T15:14:13:     at Module._compile (node:internal/modules/cjs/loader:1376:14)
2025-08-25T15:14:13:     at Module._extensions..js (node:internal/modules/cjs/loader:1435:10)
2025-08-25T15:14:13:     at Module.load (node:internal/modules/cjs/loader:1207:32)
2025-08-25T15:14:13: Error: @prisma/client did not initialize yet. Please run "prisma generate" and try to import it again.
2025-08-25T15:14:13:     at new PrismaClient (c:\projetos\mvp28\node_modules\.prisma\client\default.js:43:11)
2025-08-25T15:14:13:     at Object.<anonymous> (c:\projetos\mvp28\src\workers\email-sync-worker.js:7:16)
2025-08-25T15:14:13:     at Module._compile (node:internal/modules/cjs/loader:1376:14)
2025-08-25T15:14:13:     at Module._extensions..js (node:internal/modules/cjs/loader:1435:10)
2025-08-25T15:14:13:     at Module.load (node:internal/modules/cjs/loader:1207:32)
2025-08-25T15:14:13:     at Module._load (node:internal/modules/cjs/loader:1023:12)
2025-08-25T15:14:13:     at Object.<anonymous> (C:\Users\ronaldo\AppData\Roaming\npm\node_modules\pm2\lib\ProcessContainerFork.js:33:23)
2025-08-25T15:14:13:     at Module._compile (node:internal/modules/cjs/loader:1376:14)
2025-08-25T15:14:13:     at Module._extensions..js (node:internal/modules/cjs/loader:1435:10)
2025-08-25T15:14:13:     at Module.load (node:internal/modules/cjs/loader:1207:32)
2025-08-25T15:14:14: Error: @prisma/client did not initialize yet. Please run "prisma generate" and try to import it again.
2025-08-25T15:14:14:     at new PrismaClient (c:\projetos\mvp28\node_modules\.prisma\client\default.js:43:11)
2025-08-25T15:14:14:     at Object.<anonymous> (c:\projetos\mvp28\src\workers\email-sync-worker.js:7:16)
2025-08-25T15:14:14:     at Module._compile (node:internal/modules/cjs/loader:1376:14)
2025-08-25T15:14:14:     at Module._extensions..js (node:internal/modules/cjs/loader:1435:10)
2025-08-25T15:14:14:     at Module.load (node:internal/modules/cjs/loader:1207:32)
2025-08-25T15:14:14:     at Module._load (node:internal/modules/cjs/loader:1023:12)
2025-08-25T15:14:14:     at Object.<anonymous> (C:\Users\ronaldo\AppData\Roaming\npm\node_modules\pm2\lib\ProcessContainerFork.js:33:23)
2025-08-25T15:14:14:     at Module._compile (node:internal/modules/cjs/loader:1376:14)
2025-08-25T15:14:14:     at Module._extensions..js (node:internal/modules/cjs/loader:1435:10)
2025-08-25T15:14:14:     at Module.load (node:internal/modules/cjs/loader:1207:32)
2025-08-25T15:14:14: Error: @prisma/client did not initialize yet. Please run "prisma generate" and try to import it again.
2025-08-25T15:14:14:     at new PrismaClient (c:\projetos\mvp28\node_modules\.prisma\client\default.js:43:11)
2025-08-25T15:14:14:     at Object.<anonymous> (c:\projetos\mvp28\src\workers\email-sync-worker.js:7:16)
2025-08-25T15:14:14:     at Module._compile (node:internal/modules/cjs/loader:1376:14)
2025-08-25T15:14:14:     at Module._extensions..js (node:internal/modules/cjs/loader:1435:10)
2025-08-25T15:14:14:     at Module.load (node:internal/modules/cjs/loader:1207:32)
2025-08-25T15:14:14:     at Module._load (node:internal/modules/cjs/loader:1023:12)
2025-08-25T15:14:14:     at Object.<anonymous> (C:\Users\ronaldo\AppData\Roaming\npm\node_modules\pm2\lib\ProcessContainerFork.js:33:23)
2025-08-25T15:14:14:     at Module._compile (node:internal/modules/cjs/loader:1376:14)
2025-08-25T15:14:14:     at Module._extensions..js (node:internal/modules/cjs/loader:1435:10)
2025-08-25T15:14:14:     at Module.load (node:internal/modules/cjs/loader:1207:32)
2025-08-25T15:14:14: Error: @prisma/client did not initialize yet. Please run "prisma generate" and try to import it again.
2025-08-25T15:14:14:     at new PrismaClient (c:\projetos\mvp28\node_modules\.prisma\client\default.js:43:11)
2025-08-25T15:14:14:     at Object.<anonymous> (c:\projetos\mvp28\src\workers\email-sync-worker.js:7:16)
2025-08-25T15:14:14:     at Module._compile (node:internal/modules/cjs/loader:1376:14)
2025-08-25T15:14:14:     at Module._extensions..js (node:internal/modules/cjs/loader:1435:10)
2025-08-25T15:14:14:     at Module.load (node:internal/modules/cjs/loader:1207:32)
2025-08-25T15:14:14:     at Module._load (node:internal/modules/cjs/loader:1023:12)
2025-08-25T15:14:14:     at Object.<anonymous> (C:\Users\ronaldo\AppData\Roaming\npm\node_modules\pm2\lib\ProcessContainerFork.js:33:23)
2025-08-25T15:14:14:     at Module._compile (node:internal/modules/cjs/loader:1376:14)
2025-08-25T15:14:14:     at Module._extensions..js (node:internal/modules/cjs/loader:1435:10)
2025-08-25T15:14:14:     at Module.load (node:internal/modules/cjs/loader:1207:32)
2025-08-25T15:14:15: Error: @prisma/client did not initialize yet. Please run "prisma generate" and try to import it again.
2025-08-25T15:14:15:     at new PrismaClient (c:\projetos\mvp28\node_modules\.prisma\client\default.js:43:11)
2025-08-25T15:14:15:     at Object.<anonymous> (c:\projetos\mvp28\src\workers\email-sync-worker.js:7:16)
2025-08-25T15:14:15:     at Module._compile (node:internal/modules/cjs/loader:1376:14)
2025-08-25T15:14:15:     at Module._extensions..js (node:internal/modules/cjs/loader:1435:10)
2025-08-25T15:14:15:     at Module.load (node:internal/modules/cjs/loader:1207:32)
2025-08-25T15:14:15:     at Module._load (node:internal/modules/cjs/loader:1023:12)
2025-08-25T15:14:15:     at Object.<anonymous> (C:\Users\ronaldo\AppData\Roaming\npm\node_modules\pm2\lib\ProcessContainerFork.js:33:23)
2025-08-25T15:14:15:     at Module._compile (node:internal/modules/cjs/loader:1376:14)
2025-08-25T15:14:15:     at Module._extensions..js (node:internal/modules/cjs/loader:1435:10)
2025-08-25T15:14:15:     at Module.load (node:internal/modules/cjs/loader:1207:32)
2025-08-25T15:14:15: Error: @prisma/client did not initialize yet. Please run "prisma generate" and try to import it again.
2025-08-25T15:14:15:     at new PrismaClient (c:\projetos\mvp28\node_modules\.prisma\client\default.js:43:11)
2025-08-25T15:14:15:     at Object.<anonymous> (c:\projetos\mvp28\src\workers\email-sync-worker.js:7:16)
2025-08-25T15:14:15:     at Module._compile (node:internal/modules/cjs/loader:1376:14)
2025-08-25T15:14:15:     at Module._extensions..js (node:internal/modules/cjs/loader:1435:10)
2025-08-25T15:14:15:     at Module.load (node:internal/modules/cjs/loader:1207:32)
2025-08-25T15:14:15:     at Module._load (node:internal/modules/cjs/loader:1023:12)
2025-08-25T15:14:15:     at Object.<anonymous> (C:\Users\ronaldo\AppData\Roaming\npm\node_modules\pm2\lib\ProcessContainerFork.js:33:23)
2025-08-25T15:14:15:     at Module._compile (node:internal/modules/cjs/loader:1376:14)
2025-08-25T15:14:15:     at Module._extensions..js (node:internal/modules/cjs/loader:1435:10)
2025-08-25T15:14:15:     at Module.load (node:internal/modules/cjs/loader:1207:32)
2025-08-25T15:14:15: Error: @prisma/client did not initialize yet. Please run "prisma generate" and try to import it again.
2025-08-25T15:14:15:     at new PrismaClient (c:\projetos\mvp28\node_modules\.prisma\client\default.js:43:11)
2025-08-25T15:14:15:     at Object.<anonymous> (c:\projetos\mvp28\src\workers\email-sync-worker.js:7:16)
2025-08-25T15:14:15:     at Module._compile (node:internal/modules/cjs/loader:1376:14)
2025-08-25T15:14:15:     at Module._extensions..js (node:internal/modules/cjs/loader:1435:10)
2025-08-25T15:14:15:     at Module.load (node:internal/modules/cjs/loader:1207:32)
2025-08-25T15:14:15:     at Module._load (node:internal/modules/cjs/loader:1023:12)
2025-08-25T15:14:15:     at Object.<anonymous> (C:\Users\ronaldo\AppData\Roaming\npm\node_modules\pm2\lib\ProcessContainerFork.js:33:23)
2025-08-25T15:14:15:     at Module._compile (node:internal/modules/cjs/loader:1376:14)
2025-08-25T15:14:15:     at Module._extensions..js (node:internal/modules/cjs/loader:1435:10)
2025-08-25T15:14:15:     at Module.load (node:internal/modules/cjs/loader:1207:32)
2025-08-25T15:14:16: Error: @prisma/client did not initialize yet. Please run "prisma generate" and try to import it again.
2025-08-25T15:14:16:     at new PrismaClient (c:\projetos\mvp28\node_modules\.prisma\client\default.js:43:11)
2025-08-25T15:14:16:     at Object.<anonymous> (c:\projetos\mvp28\src\workers\email-sync-worker.js:7:16)
2025-08-25T15:14:16:     at Module._compile (node:internal/modules/cjs/loader:1376:14)
2025-08-25T15:14:16:     at Module._extensions..js (node:internal/modules/cjs/loader:1435:10)
2025-08-25T15:14:16:     at Module.load (node:internal/modules/cjs/loader:1207:32)
2025-08-25T15:14:16:     at Module._load (node:internal/modules/cjs/loader:1023:12)
2025-08-25T15:14:16:     at Object.<anonymous> (C:\Users\ronaldo\AppData\Roaming\npm\node_modules\pm2\lib\ProcessContainerFork.js:33:23)
2025-08-25T15:14:16:     at Module._compile (node:internal/modules/cjs/loader:1376:14)
2025-08-25T15:14:16:     at Module._extensions..js (node:internal/modules/cjs/loader:1435:10)
2025-08-25T15:14:16:     at Module.load (node:internal/modules/cjs/loader:1207:32)
2025-08-25T15:17:23: Error: @prisma/client did not initialize yet. Please run "prisma generate" and try to import it again.
2025-08-25T15:17:23:     at new PrismaClient (c:\projetos\mvp28\node_modules\.prisma\client\default.js:43:11)
2025-08-25T15:17:23:     at Object.<anonymous> (c:\projetos\mvp28\src\workers\email-sync-worker.js:7:16)
2025-08-25T15:17:23:     at Module._compile (node:internal/modules/cjs/loader:1376:14)
2025-08-25T15:17:23:     at Module._extensions..js (node:internal/modules/cjs/loader:1435:10)
2025-08-25T15:17:23:     at Module.load (node:internal/modules/cjs/loader:1207:32)
2025-08-25T15:17:23:     at Module._load (node:internal/modules/cjs/loader:1023:12)
2025-08-25T15:17:23:     at Object.<anonymous> (C:\Users\ronaldo\AppData\Roaming\npm\node_modules\pm2\lib\ProcessContainerFork.js:33:23)
2025-08-25T15:17:23:     at Module._compile (node:internal/modules/cjs/loader:1376:14)
2025-08-25T15:17:23:     at Module._extensions..js (node:internal/modules/cjs/loader:1435:10)
2025-08-25T15:17:23:     at Module.load (node:internal/modules/cjs/loader:1207:32)
2025-08-25T15:17:23: Error: @prisma/client did not initialize yet. Please run "prisma generate" and try to import it again.
2025-08-25T15:17:23:     at new PrismaClient (c:\projetos\mvp28\node_modules\.prisma\client\default.js:43:11)
2025-08-25T15:17:23:     at Object.<anonymous> (c:\projetos\mvp28\src\workers\email-sync-worker.js:7:16)
2025-08-25T15:17:23:     at Module._compile (node:internal/modules/cjs/loader:1376:14)
2025-08-25T15:17:23:     at Module._extensions..js (node:internal/modules/cjs/loader:1435:10)
2025-08-25T15:17:23:     at Module.load (node:internal/modules/cjs/loader:1207:32)
2025-08-25T15:17:23:     at Module._load (node:internal/modules/cjs/loader:1023:12)
2025-08-25T15:17:23:     at Object.<anonymous> (C:\Users\ronaldo\AppData\Roaming\npm\node_modules\pm2\lib\ProcessContainerFork.js:33:23)
2025-08-25T15:17:23:     at Module._compile (node:internal/modules/cjs/loader:1376:14)
2025-08-25T15:17:23:     at Module._extensions..js (node:internal/modules/cjs/loader:1435:10)
2025-08-25T15:17:23:     at Module.load (node:internal/modules/cjs/loader:1207:32)
2025-08-25T15:17:24: Error: @prisma/client did not initialize yet. Please run "prisma generate" and try to import it again.
2025-08-25T15:17:24:     at new PrismaClient (c:\projetos\mvp28\node_modules\.prisma\client\default.js:43:11)
2025-08-25T15:17:24:     at Object.<anonymous> (c:\projetos\mvp28\src\workers\email-sync-worker.js:7:16)
2025-08-25T15:17:24:     at Module._compile (node:internal/modules/cjs/loader:1376:14)
2025-08-25T15:17:24:     at Module._extensions..js (node:internal/modules/cjs/loader:1435:10)
2025-08-25T15:17:24:     at Module.load (node:internal/modules/cjs/loader:1207:32)
2025-08-25T15:17:24:     at Module._load (node:internal/modules/cjs/loader:1023:12)
2025-08-25T15:17:24:     at Object.<anonymous> (C:\Users\ronaldo\AppData\Roaming\npm\node_modules\pm2\lib\ProcessContainerFork.js:33:23)
2025-08-25T15:17:24:     at Module._compile (node:internal/modules/cjs/loader:1376:14)
2025-08-25T15:17:24:     at Module._extensions..js (node:internal/modules/cjs/loader:1435:10)
2025-08-25T15:17:24:     at Module.load (node:internal/modules/cjs/loader:1207:32)
2025-08-25T15:17:24: Error: @prisma/client did not initialize yet. Please run "prisma generate" and try to import it again.
2025-08-25T15:17:24:     at new PrismaClient (c:\projetos\mvp28\node_modules\.prisma\client\default.js:43:11)
2025-08-25T15:17:24:     at Object.<anonymous> (c:\projetos\mvp28\src\workers\email-sync-worker.js:7:16)
2025-08-25T15:17:24:     at Module._compile (node:internal/modules/cjs/loader:1376:14)
2025-08-25T15:17:24:     at Module._extensions..js (node:internal/modules/cjs/loader:1435:10)
2025-08-25T15:17:24:     at Module.load (node:internal/modules/cjs/loader:1207:32)
2025-08-25T15:17:24:     at Module._load (node:internal/modules/cjs/loader:1023:12)
2025-08-25T15:17:24:     at Object.<anonymous> (C:\Users\ronaldo\AppData\Roaming\npm\node_modules\pm2\lib\ProcessContainerFork.js:33:23)
2025-08-25T15:17:24:     at Module._compile (node:internal/modules/cjs/loader:1376:14)
2025-08-25T15:17:24:     at Module._extensions..js (node:internal/modules/cjs/loader:1435:10)
2025-08-25T15:17:24:     at Module.load (node:internal/modules/cjs/loader:1207:32)
2025-08-25T15:17:25: Error: @prisma/client did not initialize yet. Please run "prisma generate" and try to import it again.
2025-08-25T15:17:25:     at new PrismaClient (c:\projetos\mvp28\node_modules\.prisma\client\default.js:43:11)
2025-08-25T15:17:25:     at Object.<anonymous> (c:\projetos\mvp28\src\workers\email-sync-worker.js:7:16)
2025-08-25T15:17:25:     at Module._compile (node:internal/modules/cjs/loader:1376:14)
2025-08-25T15:17:25:     at Module._extensions..js (node:internal/modules/cjs/loader:1435:10)
2025-08-25T15:17:25:     at Module.load (node:internal/modules/cjs/loader:1207:32)
2025-08-25T15:17:25:     at Module._load (node:internal/modules/cjs/loader:1023:12)
2025-08-25T15:17:25:     at Object.<anonymous> (C:\Users\ronaldo\AppData\Roaming\npm\node_modules\pm2\lib\ProcessContainerFork.js:33:23)
2025-08-25T15:17:25:     at Module._compile (node:internal/modules/cjs/loader:1376:14)
2025-08-25T15:17:25:     at Module._extensions..js (node:internal/modules/cjs/loader:1435:10)
2025-08-25T15:17:25:     at Module.load (node:internal/modules/cjs/loader:1207:32)
2025-08-25T15:17:25: Error: @prisma/client did not initialize yet. Please run "prisma generate" and try to import it again.
2025-08-25T15:17:25:     at new PrismaClient (c:\projetos\mvp28\node_modules\.prisma\client\default.js:43:11)
2025-08-25T15:17:25:     at Object.<anonymous> (c:\projetos\mvp28\src\workers\email-sync-worker.js:7:16)
2025-08-25T15:17:25:     at Module._compile (node:internal/modules/cjs/loader:1376:14)
2025-08-25T15:17:25:     at Module._extensions..js (node:internal/modules/cjs/loader:1435:10)
2025-08-25T15:17:25:     at Module.load (node:internal/modules/cjs/loader:1207:32)
2025-08-25T15:17:25:     at Module._load (node:internal/modules/cjs/loader:1023:12)
2025-08-25T15:17:25:     at Object.<anonymous> (C:\Users\ronaldo\AppData\Roaming\npm\node_modules\pm2\lib\ProcessContainerFork.js:33:23)
2025-08-25T15:17:25:     at Module._compile (node:internal/modules/cjs/loader:1376:14)
2025-08-25T15:17:25:     at Module._extensions..js (node:internal/modules/cjs/loader:1435:10)
2025-08-25T15:17:25:     at Module.load (node:internal/modules/cjs/loader:1207:32)
2025-08-25T15:17:26: Error: @prisma/client did not initialize yet. Please run "prisma generate" and try to import it again.
2025-08-25T15:17:26:     at new PrismaClient (c:\projetos\mvp28\node_modules\.prisma\client\default.js:43:11)
2025-08-25T15:17:26:     at Object.<anonymous> (c:\projetos\mvp28\src\workers\email-sync-worker.js:7:16)
2025-08-25T15:17:26:     at Module._compile (node:internal/modules/cjs/loader:1376:14)
2025-08-25T15:17:26:     at Module._extensions..js (node:internal/modules/cjs/loader:1435:10)
2025-08-25T15:17:26:     at Module.load (node:internal/modules/cjs/loader:1207:32)
2025-08-25T15:17:26:     at Module._load (node:internal/modules/cjs/loader:1023:12)
2025-08-25T15:17:26:     at Object.<anonymous> (C:\Users\ronaldo\AppData\Roaming\npm\node_modules\pm2\lib\ProcessContainerFork.js:33:23)
2025-08-25T15:17:26:     at Module._compile (node:internal/modules/cjs/loader:1376:14)
2025-08-25T15:17:26:     at Module._extensions..js (node:internal/modules/cjs/loader:1435:10)
2025-08-25T15:17:26:     at Module.load (node:internal/modules/cjs/loader:1207:32)
2025-08-25T15:17:26: Error: @prisma/client did not initialize yet. Please run "prisma generate" and try to import it again.
2025-08-25T15:17:26:     at new PrismaClient (c:\projetos\mvp28\node_modules\.prisma\client\default.js:43:11)
2025-08-25T15:17:26:     at Object.<anonymous> (c:\projetos\mvp28\src\workers\email-sync-worker.js:7:16)
2025-08-25T15:17:26:     at Module._compile (node:internal/modules/cjs/loader:1376:14)
2025-08-25T15:17:26:     at Module._extensions..js (node:internal/modules/cjs/loader:1435:10)
2025-08-25T15:17:26:     at Module.load (node:internal/modules/cjs/loader:1207:32)
2025-08-25T15:17:26:     at Module._load (node:internal/modules/cjs/loader:1023:12)
2025-08-25T15:17:26:     at Object.<anonymous> (C:\Users\ronaldo\AppData\Roaming\npm\node_modules\pm2\lib\ProcessContainerFork.js:33:23)
2025-08-25T15:17:26:     at Module._compile (node:internal/modules/cjs/loader:1376:14)
2025-08-25T15:17:26:     at Module._extensions..js (node:internal/modules/cjs/loader:1435:10)
2025-08-25T15:17:26:     at Module.load (node:internal/modules/cjs/loader:1207:32)
2025-08-25T15:17:26: Error: @prisma/client did not initialize yet. Please run "prisma generate" and try to import it again.
2025-08-25T15:17:26:     at new PrismaClient (c:\projetos\mvp28\node_modules\.prisma\client\default.js:43:11)
2025-08-25T15:17:26:     at Object.<anonymous> (c:\projetos\mvp28\src\workers\email-sync-worker.js:7:16)
2025-08-25T15:17:26:     at Module._compile (node:internal/modules/cjs/loader:1376:14)
2025-08-25T15:17:26:     at Module._extensions..js (node:internal/modules/cjs/loader:1435:10)
2025-08-25T15:17:26:     at Module.load (node:internal/modules/cjs/loader:1207:32)
2025-08-25T15:17:26:     at Module._load (node:internal/modules/cjs/loader:1023:12)
2025-08-25T15:17:26:     at Object.<anonymous> (C:\Users\ronaldo\AppData\Roaming\npm\node_modules\pm2\lib\ProcessContainerFork.js:33:23)
2025-08-25T15:17:26:     at Module._compile (node:internal/modules/cjs/loader:1376:14)
2025-08-25T15:17:26:     at Module._extensions..js (node:internal/modules/cjs/loader:1435:10)
2025-08-25T15:17:26:     at Module.load (node:internal/modules/cjs/loader:1207:32)
2025-08-25T15:17:27: Error: @prisma/client did not initialize yet. Please run "prisma generate" and try to import it again.
2025-08-25T15:17:27:     at new PrismaClient (c:\projetos\mvp28\node_modules\.prisma\client\default.js:43:11)
2025-08-25T15:17:27:     at Object.<anonymous> (c:\projetos\mvp28\src\workers\email-sync-worker.js:7:16)
2025-08-25T15:17:27:     at Module._compile (node:internal/modules/cjs/loader:1376:14)
2025-08-25T15:17:27:     at Module._extensions..js (node:internal/modules/cjs/loader:1435:10)
2025-08-25T15:17:27:     at Module.load (node:internal/modules/cjs/loader:1207:32)
2025-08-25T15:17:27:     at Module._load (node:internal/modules/cjs/loader:1023:12)
2025-08-25T15:17:27:     at Object.<anonymous> (C:\Users\ronaldo\AppData\Roaming\npm\node_modules\pm2\lib\ProcessContainerFork.js:33:23)
2025-08-25T15:17:27:     at Module._compile (node:internal/modules/cjs/loader:1376:14)
2025-08-25T15:17:27:     at Module._extensions..js (node:internal/modules/cjs/loader:1435:10)
2025-08-25T15:17:27:     at Module.load (node:internal/modules/cjs/loader:1207:32)
2025-08-25T15:18:35: Error: @prisma/client did not initialize yet. Please run "prisma generate" and try to import it again.
2025-08-25T15:18:35:     at new PrismaClient (c:\projetos\mvp28\node_modules\.prisma\client\default.js:43:11)
2025-08-25T15:18:35:     at Object.<anonymous> (c:\projetos\mvp28\src\workers\email-sync-worker.js:7:16)
2025-08-25T15:18:35:     at Module._compile (node:internal/modules/cjs/loader:1376:14)
2025-08-25T15:18:35:     at Module._extensions..js (node:internal/modules/cjs/loader:1435:10)
2025-08-25T15:18:35:     at Module.load (node:internal/modules/cjs/loader:1207:32)
2025-08-25T15:18:35:     at Module._load (node:internal/modules/cjs/loader:1023:12)
2025-08-25T15:18:35:     at Object.<anonymous> (C:\Users\ronaldo\AppData\Roaming\npm\node_modules\pm2\lib\ProcessContainerFork.js:33:23)
2025-08-25T15:18:35:     at Module._compile (node:internal/modules/cjs/loader:1376:14)
2025-08-25T15:18:35:     at Module._extensions..js (node:internal/modules/cjs/loader:1435:10)
2025-08-25T15:18:35:     at Module.load (node:internal/modules/cjs/loader:1207:32)
2025-08-25T15:18:36: Error: @prisma/client did not initialize yet. Please run "prisma generate" and try to import it again.
2025-08-25T15:18:36:     at new PrismaClient (c:\projetos\mvp28\node_modules\.prisma\client\default.js:43:11)
2025-08-25T15:18:36:     at Object.<anonymous> (c:\projetos\mvp28\src\workers\email-sync-worker.js:7:16)
2025-08-25T15:18:36:     at Module._compile (node:internal/modules/cjs/loader:1376:14)
2025-08-25T15:18:36:     at Module._extensions..js (node:internal/modules/cjs/loader:1435:10)
2025-08-25T15:18:36:     at Module.load (node:internal/modules/cjs/loader:1207:32)
2025-08-25T15:18:36:     at Module._load (node:internal/modules/cjs/loader:1023:12)
2025-08-25T15:18:36:     at Object.<anonymous> (C:\Users\ronaldo\AppData\Roaming\npm\node_modules\pm2\lib\ProcessContainerFork.js:33:23)
2025-08-25T15:18:36:     at Module._compile (node:internal/modules/cjs/loader:1376:14)
2025-08-25T15:18:36:     at Module._extensions..js (node:internal/modules/cjs/loader:1435:10)
2025-08-25T15:18:36:     at Module.load (node:internal/modules/cjs/loader:1207:32)
2025-08-25T15:18:36: Error: @prisma/client did not initialize yet. Please run "prisma generate" and try to import it again.
2025-08-25T15:18:36:     at new PrismaClient (c:\projetos\mvp28\node_modules\.prisma\client\default.js:43:11)
2025-08-25T15:18:36:     at Object.<anonymous> (c:\projetos\mvp28\src\workers\email-sync-worker.js:7:16)
2025-08-25T15:18:36:     at Module._compile (node:internal/modules/cjs/loader:1376:14)
2025-08-25T15:18:36:     at Module._extensions..js (node:internal/modules/cjs/loader:1435:10)
2025-08-25T15:18:36:     at Module.load (node:internal/modules/cjs/loader:1207:32)
2025-08-25T15:18:36:     at Module._load (node:internal/modules/cjs/loader:1023:12)
2025-08-25T15:18:36:     at Object.<anonymous> (C:\Users\ronaldo\AppData\Roaming\npm\node_modules\pm2\lib\ProcessContainerFork.js:33:23)
2025-08-25T15:18:36:     at Module._compile (node:internal/modules/cjs/loader:1376:14)
2025-08-25T15:18:36:     at Module._extensions..js (node:internal/modules/cjs/loader:1435:10)
2025-08-25T15:18:36:     at Module.load (node:internal/modules/cjs/loader:1207:32)
2025-08-25T15:18:37: Error: @prisma/client did not initialize yet. Please run "prisma generate" and try to import it again.
2025-08-25T15:18:37:     at new PrismaClient (c:\projetos\mvp28\node_modules\.prisma\client\default.js:43:11)
2025-08-25T15:18:37:     at Object.<anonymous> (c:\projetos\mvp28\src\workers\email-sync-worker.js:7:16)
2025-08-25T15:18:37:     at Module._compile (node:internal/modules/cjs/loader:1376:14)
2025-08-25T15:18:37:     at Module._extensions..js (node:internal/modules/cjs/loader:1435:10)
2025-08-25T15:18:37:     at Module.load (node:internal/modules/cjs/loader:1207:32)
2025-08-25T15:18:37:     at Module._load (node:internal/modules/cjs/loader:1023:12)
2025-08-25T15:18:37:     at Object.<anonymous> (C:\Users\ronaldo\AppData\Roaming\npm\node_modules\pm2\lib\ProcessContainerFork.js:33:23)
2025-08-25T15:18:37:     at Module._compile (node:internal/modules/cjs/loader:1376:14)
2025-08-25T15:18:37:     at Module._extensions..js (node:internal/modules/cjs/loader:1435:10)
2025-08-25T15:18:37:     at Module.load (node:internal/modules/cjs/loader:1207:32)
2025-08-25T15:18:38: Error: @prisma/client did not initialize yet. Please run "prisma generate" and try to import it again.
2025-08-25T15:18:38:     at new PrismaClient (c:\projetos\mvp28\node_modules\.prisma\client\default.js:43:11)
2025-08-25T15:18:38:     at Object.<anonymous> (c:\projetos\mvp28\src\workers\email-sync-worker.js:7:16)
2025-08-25T15:18:38:     at Module._compile (node:internal/modules/cjs/loader:1376:14)
2025-08-25T15:18:38:     at Module._extensions..js (node:internal/modules/cjs/loader:1435:10)
2025-08-25T15:18:38:     at Module.load (node:internal/modules/cjs/loader:1207:32)
2025-08-25T15:18:38:     at Module._load (node:internal/modules/cjs/loader:1023:12)
2025-08-25T15:18:38:     at Object.<anonymous> (C:\Users\ronaldo\AppData\Roaming\npm\node_modules\pm2\lib\ProcessContainerFork.js:33:23)
2025-08-25T15:18:38:     at Module._compile (node:internal/modules/cjs/loader:1376:14)
2025-08-25T15:18:38:     at Module._extensions..js (node:internal/modules/cjs/loader:1435:10)
2025-08-25T15:18:38:     at Module.load (node:internal/modules/cjs/loader:1207:32)
2025-08-25T15:18:39: Error: @prisma/client did not initialize yet. Please run "prisma generate" and try to import it again.
2025-08-25T15:18:39:     at new PrismaClient (c:\projetos\mvp28\node_modules\.prisma\client\default.js:43:11)
2025-08-25T15:18:39:     at Object.<anonymous> (c:\projetos\mvp28\src\workers\email-sync-worker.js:7:16)
2025-08-25T15:18:39:     at Module._compile (node:internal/modules/cjs/loader:1376:14)
2025-08-25T15:18:39:     at Module._extensions..js (node:internal/modules/cjs/loader:1435:10)
2025-08-25T15:18:39:     at Module.load (node:internal/modules/cjs/loader:1207:32)
2025-08-25T15:18:39:     at Module._load (node:internal/modules/cjs/loader:1023:12)
2025-08-25T15:18:39:     at Object.<anonymous> (C:\Users\ronaldo\AppData\Roaming\npm\node_modules\pm2\lib\ProcessContainerFork.js:33:23)
2025-08-25T15:18:39:     at Module._compile (node:internal/modules/cjs/loader:1376:14)
2025-08-25T15:18:39:     at Module._extensions..js (node:internal/modules/cjs/loader:1435:10)
2025-08-25T15:18:39:     at Module.load (node:internal/modules/cjs/loader:1207:32)
2025-08-25T15:18:39: Error: @prisma/client did not initialize yet. Please run "prisma generate" and try to import it again.
2025-08-25T15:18:39:     at new PrismaClient (c:\projetos\mvp28\node_modules\.prisma\client\default.js:43:11)
2025-08-25T15:18:39:     at Object.<anonymous> (c:\projetos\mvp28\src\workers\email-sync-worker.js:7:16)
2025-08-25T15:18:39:     at Module._compile (node:internal/modules/cjs/loader:1376:14)
2025-08-25T15:18:39:     at Module._extensions..js (node:internal/modules/cjs/loader:1435:10)
2025-08-25T15:18:39:     at Module.load (node:internal/modules/cjs/loader:1207:32)
2025-08-25T15:18:39:     at Module._load (node:internal/modules/cjs/loader:1023:12)
2025-08-25T15:18:39:     at Object.<anonymous> (C:\Users\ronaldo\AppData\Roaming\npm\node_modules\pm2\lib\ProcessContainerFork.js:33:23)
2025-08-25T15:18:39:     at Module._compile (node:internal/modules/cjs/loader:1376:14)
2025-08-25T15:18:39:     at Module._extensions..js (node:internal/modules/cjs/loader:1435:10)
2025-08-25T15:18:39:     at Module.load (node:internal/modules/cjs/loader:1207:32)
2025-08-25T15:18:40: Error: @prisma/client did not initialize yet. Please run "prisma generate" and try to import it again.
2025-08-25T15:18:40:     at new PrismaClient (c:\projetos\mvp28\node_modules\.prisma\client\default.js:43:11)
2025-08-25T15:18:40:     at Object.<anonymous> (c:\projetos\mvp28\src\workers\email-sync-worker.js:7:16)
2025-08-25T15:18:40:     at Module._compile (node:internal/modules/cjs/loader:1376:14)
2025-08-25T15:18:40:     at Module._extensions..js (node:internal/modules/cjs/loader:1435:10)
2025-08-25T15:18:40:     at Module.load (node:internal/modules/cjs/loader:1207:32)
2025-08-25T15:18:40:     at Module._load (node:internal/modules/cjs/loader:1023:12)
2025-08-25T15:18:40:     at Object.<anonymous> (C:\Users\ronaldo\AppData\Roaming\npm\node_modules\pm2\lib\ProcessContainerFork.js:33:23)
2025-08-25T15:18:40:     at Module._compile (node:internal/modules/cjs/loader:1376:14)
2025-08-25T15:18:40:     at Module._extensions..js (node:internal/modules/cjs/loader:1435:10)
2025-08-25T15:18:40:     at Module.load (node:internal/modules/cjs/loader:1207:32)
2025-08-25T15:18:40: Error: @prisma/client did not initialize yet. Please run "prisma generate" and try to import it again.
2025-08-25T15:18:40:     at new PrismaClient (c:\projetos\mvp28\node_modules\.prisma\client\default.js:43:11)
2025-08-25T15:18:40:     at Object.<anonymous> (c:\projetos\mvp28\src\workers\email-sync-worker.js:7:16)
2025-08-25T15:18:40:     at Module._compile (node:internal/modules/cjs/loader:1376:14)
2025-08-25T15:18:40:     at Module._extensions..js (node:internal/modules/cjs/loader:1435:10)
2025-08-25T15:18:40:     at Module.load (node:internal/modules/cjs/loader:1207:32)
2025-08-25T15:18:40:     at Module._load (node:internal/modules/cjs/loader:1023:12)
2025-08-25T15:18:40:     at Object.<anonymous> (C:\Users\ronaldo\AppData\Roaming\npm\node_modules\pm2\lib\ProcessContainerFork.js:33:23)
2025-08-25T15:18:40:     at Module._compile (node:internal/modules/cjs/loader:1376:14)
2025-08-25T15:18:40:     at Module._extensions..js (node:internal/modules/cjs/loader:1435:10)
2025-08-25T15:18:40:     at Module.load (node:internal/modules/cjs/loader:1207:32)
2025-08-25T15:18:41: Error: @prisma/client did not initialize yet. Please run "prisma generate" and try to import it again.
2025-08-25T15:18:41:     at new PrismaClient (c:\projetos\mvp28\node_modules\.prisma\client\default.js:43:11)
2025-08-25T15:18:41:     at Object.<anonymous> (c:\projetos\mvp28\src\workers\email-sync-worker.js:7:16)
2025-08-25T15:18:41:     at Module._compile (node:internal/modules/cjs/loader:1376:14)
2025-08-25T15:18:41:     at Module._extensions..js (node:internal/modules/cjs/loader:1435:10)
2025-08-25T15:18:41:     at Module.load (node:internal/modules/cjs/loader:1207:32)
2025-08-25T15:18:41:     at Module._load (node:internal/modules/cjs/loader:1023:12)
2025-08-25T15:18:41:     at Object.<anonymous> (C:\Users\ronaldo\AppData\Roaming\npm\node_modules\pm2\lib\ProcessContainerFork.js:33:23)
2025-08-25T15:18:41:     at Module._compile (node:internal/modules/cjs/loader:1376:14)
2025-08-25T15:18:41:     at Module._extensions..js (node:internal/modules/cjs/loader:1435:10)
2025-08-25T15:18:41:     at Module.load (node:internal/modules/cjs/loader:1207:32)
2025-08-25T16:00:00: Error: @prisma/client did not initialize yet. Please run "prisma generate" and try to import it again.
2025-08-25T16:00:00:     at new PrismaClient (c:\projetos\mvp28\node_modules\.prisma\client\default.js:43:11)
2025-08-25T16:00:00:     at Object.<anonymous> (c:\projetos\mvp28\src\workers\email-sync-worker.js:7:16)
2025-08-25T16:00:00:     at Module._compile (node:internal/modules/cjs/loader:1376:14)
2025-08-25T16:00:00:     at Module._extensions..js (node:internal/modules/cjs/loader:1435:10)
2025-08-25T16:00:00:     at Module.load (node:internal/modules/cjs/loader:1207:32)
2025-08-25T16:00:00:     at Module._load (node:internal/modules/cjs/loader:1023:12)
2025-08-25T16:00:00:     at Object.<anonymous> (C:\Users\ronaldo\AppData\Roaming\npm\node_modules\pm2\lib\ProcessContainerFork.js:33:23)
2025-08-25T16:00:00:     at Module._compile (node:internal/modules/cjs/loader:1376:14)
2025-08-25T16:00:00:     at Module._extensions..js (node:internal/modules/cjs/loader:1435:10)
2025-08-25T16:00:00:     at Module.load (node:internal/modules/cjs/loader:1207:32)
2025-08-25T16:00:00: Error: @prisma/client did not initialize yet. Please run "prisma generate" and try to import it again.
2025-08-25T16:00:00:     at new PrismaClient (c:\projetos\mvp28\node_modules\.prisma\client\default.js:43:11)
2025-08-25T16:00:00:     at Object.<anonymous> (c:\projetos\mvp28\src\workers\email-sync-worker.js:7:16)
2025-08-25T16:00:00:     at Module._compile (node:internal/modules/cjs/loader:1376:14)
2025-08-25T16:00:00:     at Module._extensions..js (node:internal/modules/cjs/loader:1435:10)
2025-08-25T16:00:00:     at Module.load (node:internal/modules/cjs/loader:1207:32)
2025-08-25T16:00:00:     at Module._load (node:internal/modules/cjs/loader:1023:12)
2025-08-25T16:00:00:     at Object.<anonymous> (C:\Users\ronaldo\AppData\Roaming\npm\node_modules\pm2\lib\ProcessContainerFork.js:33:23)
2025-08-25T16:00:00:     at Module._compile (node:internal/modules/cjs/loader:1376:14)
2025-08-25T16:00:00:     at Module._extensions..js (node:internal/modules/cjs/loader:1435:10)
2025-08-25T16:00:00:     at Module.load (node:internal/modules/cjs/loader:1207:32)
2025-08-25T16:00:01: Error: @prisma/client did not initialize yet. Please run "prisma generate" and try to import it again.
2025-08-25T16:00:01:     at new PrismaClient (c:\projetos\mvp28\node_modules\.prisma\client\default.js:43:11)
2025-08-25T16:00:01:     at Object.<anonymous> (c:\projetos\mvp28\src\workers\email-sync-worker.js:7:16)
2025-08-25T16:00:01:     at Module._compile (node:internal/modules/cjs/loader:1376:14)
2025-08-25T16:00:01:     at Module._extensions..js (node:internal/modules/cjs/loader:1435:10)
2025-08-25T16:00:01:     at Module.load (node:internal/modules/cjs/loader:1207:32)
2025-08-25T16:00:01:     at Module._load (node:internal/modules/cjs/loader:1023:12)
2025-08-25T16:00:01:     at Object.<anonymous> (C:\Users\ronaldo\AppData\Roaming\npm\node_modules\pm2\lib\ProcessContainerFork.js:33:23)
2025-08-25T16:00:01:     at Module._compile (node:internal/modules/cjs/loader:1376:14)
2025-08-25T16:00:01:     at Module._extensions..js (node:internal/modules/cjs/loader:1435:10)
2025-08-25T16:00:01:     at Module.load (node:internal/modules/cjs/loader:1207:32)
2025-08-25T16:00:01: Error: @prisma/client did not initialize yet. Please run "prisma generate" and try to import it again.
2025-08-25T16:00:01:     at new PrismaClient (c:\projetos\mvp28\node_modules\.prisma\client\default.js:43:11)
2025-08-25T16:00:01:     at Object.<anonymous> (c:\projetos\mvp28\src\workers\email-sync-worker.js:7:16)
2025-08-25T16:00:01:     at Module._compile (node:internal/modules/cjs/loader:1376:14)
2025-08-25T16:00:01:     at Module._extensions..js (node:internal/modules/cjs/loader:1435:10)
2025-08-25T16:00:01:     at Module.load (node:internal/modules/cjs/loader:1207:32)
2025-08-25T16:00:01:     at Module._load (node:internal/modules/cjs/loader:1023:12)
2025-08-25T16:00:01:     at Object.<anonymous> (C:\Users\ronaldo\AppData\Roaming\npm\node_modules\pm2\lib\ProcessContainerFork.js:33:23)
2025-08-25T16:00:01:     at Module._compile (node:internal/modules/cjs/loader:1376:14)
2025-08-25T16:00:01:     at Module._extensions..js (node:internal/modules/cjs/loader:1435:10)
2025-08-25T16:00:01:     at Module.load (node:internal/modules/cjs/loader:1207:32)
2025-08-25T16:00:02: Error: @prisma/client did not initialize yet. Please run "prisma generate" and try to import it again.
2025-08-25T16:00:02:     at new PrismaClient (c:\projetos\mvp28\node_modules\.prisma\client\default.js:43:11)
2025-08-25T16:00:02:     at Object.<anonymous> (c:\projetos\mvp28\src\workers\email-sync-worker.js:7:16)
2025-08-25T16:00:02:     at Module._compile (node:internal/modules/cjs/loader:1376:14)
2025-08-25T16:00:02:     at Module._extensions..js (node:internal/modules/cjs/loader:1435:10)
2025-08-25T16:00:02:     at Module.load (node:internal/modules/cjs/loader:1207:32)
2025-08-25T16:00:02:     at Module._load (node:internal/modules/cjs/loader:1023:12)
2025-08-25T16:00:02:     at Object.<anonymous> (C:\Users\ronaldo\AppData\Roaming\npm\node_modules\pm2\lib\ProcessContainerFork.js:33:23)
2025-08-25T16:00:02:     at Module._compile (node:internal/modules/cjs/loader:1376:14)
2025-08-25T16:00:02:     at Module._extensions..js (node:internal/modules/cjs/loader:1435:10)
2025-08-25T16:00:02:     at Module.load (node:internal/modules/cjs/loader:1207:32)
2025-08-25T16:00:02: Error: @prisma/client did not initialize yet. Please run "prisma generate" and try to import it again.
2025-08-25T16:00:02:     at new PrismaClient (c:\projetos\mvp28\node_modules\.prisma\client\default.js:43:11)
2025-08-25T16:00:02:     at Object.<anonymous> (c:\projetos\mvp28\src\workers\email-sync-worker.js:7:16)
2025-08-25T16:00:02:     at Module._compile (node:internal/modules/cjs/loader:1376:14)
2025-08-25T16:00:02:     at Module._extensions..js (node:internal/modules/cjs/loader:1435:10)
2025-08-25T16:00:02:     at Module.load (node:internal/modules/cjs/loader:1207:32)
2025-08-25T16:00:02:     at Module._load (node:internal/modules/cjs/loader:1023:12)
2025-08-25T16:00:02:     at Object.<anonymous> (C:\Users\ronaldo\AppData\Roaming\npm\node_modules\pm2\lib\ProcessContainerFork.js:33:23)
2025-08-25T16:00:02:     at Module._compile (node:internal/modules/cjs/loader:1376:14)
2025-08-25T16:00:02:     at Module._extensions..js (node:internal/modules/cjs/loader:1435:10)
2025-08-25T16:00:02:     at Module.load (node:internal/modules/cjs/loader:1207:32)
2025-08-25T16:00:03: Error: @prisma/client did not initialize yet. Please run "prisma generate" and try to import it again.
2025-08-25T16:00:03:     at new PrismaClient (c:\projetos\mvp28\node_modules\.prisma\client\default.js:43:11)
2025-08-25T16:00:03:     at Object.<anonymous> (c:\projetos\mvp28\src\workers\email-sync-worker.js:7:16)
2025-08-25T16:00:03:     at Module._compile (node:internal/modules/cjs/loader:1376:14)
2025-08-25T16:00:03:     at Module._extensions..js (node:internal/modules/cjs/loader:1435:10)
2025-08-25T16:00:03:     at Module.load (node:internal/modules/cjs/loader:1207:32)
2025-08-25T16:00:03:     at Module._load (node:internal/modules/cjs/loader:1023:12)
2025-08-25T16:00:03:     at Object.<anonymous> (C:\Users\ronaldo\AppData\Roaming\npm\node_modules\pm2\lib\ProcessContainerFork.js:33:23)
2025-08-25T16:00:03:     at Module._compile (node:internal/modules/cjs/loader:1376:14)
2025-08-25T16:00:03:     at Module._extensions..js (node:internal/modules/cjs/loader:1435:10)
2025-08-25T16:00:03:     at Module.load (node:internal/modules/cjs/loader:1207:32)
2025-08-25T16:00:03: Error: @prisma/client did not initialize yet. Please run "prisma generate" and try to import it again.
2025-08-25T16:00:03:     at new PrismaClient (c:\projetos\mvp28\node_modules\.prisma\client\default.js:43:11)
2025-08-25T16:00:03:     at Object.<anonymous> (c:\projetos\mvp28\src\workers\email-sync-worker.js:7:16)
2025-08-25T16:00:03:     at Module._compile (node:internal/modules/cjs/loader:1376:14)
2025-08-25T16:00:03:     at Module._extensions..js (node:internal/modules/cjs/loader:1435:10)
2025-08-25T16:00:03:     at Module.load (node:internal/modules/cjs/loader:1207:32)
2025-08-25T16:00:03:     at Module._load (node:internal/modules/cjs/loader:1023:12)
2025-08-25T16:00:03:     at Object.<anonymous> (C:\Users\ronaldo\AppData\Roaming\npm\node_modules\pm2\lib\ProcessContainerFork.js:33:23)
2025-08-25T16:00:03:     at Module._compile (node:internal/modules/cjs/loader:1376:14)
2025-08-25T16:00:03:     at Module._extensions..js (node:internal/modules/cjs/loader:1435:10)
2025-08-25T16:00:03:     at Module.load (node:internal/modules/cjs/loader:1207:32)
2025-08-25T16:00:04: Error: @prisma/client did not initialize yet. Please run "prisma generate" and try to import it again.
2025-08-25T16:00:04:     at new PrismaClient (c:\projetos\mvp28\node_modules\.prisma\client\default.js:43:11)
2025-08-25T16:00:04:     at Object.<anonymous> (c:\projetos\mvp28\src\workers\email-sync-worker.js:7:16)
2025-08-25T16:00:04:     at Module._compile (node:internal/modules/cjs/loader:1376:14)
2025-08-25T16:00:04:     at Module._extensions..js (node:internal/modules/cjs/loader:1435:10)
2025-08-25T16:00:04:     at Module.load (node:internal/modules/cjs/loader:1207:32)
2025-08-25T16:00:04:     at Module._load (node:internal/modules/cjs/loader:1023:12)
2025-08-25T16:00:04:     at Object.<anonymous> (C:\Users\ronaldo\AppData\Roaming\npm\node_modules\pm2\lib\ProcessContainerFork.js:33:23)
2025-08-25T16:00:04:     at Module._compile (node:internal/modules/cjs/loader:1376:14)
2025-08-25T16:00:04:     at Module._extensions..js (node:internal/modules/cjs/loader:1435:10)
2025-08-25T16:00:04:     at Module.load (node:internal/modules/cjs/loader:1207:32)
2025-08-25T16:00:04: Error: @prisma/client did not initialize yet. Please run "prisma generate" and try to import it again.
2025-08-25T16:00:04:     at new PrismaClient (c:\projetos\mvp28\node_modules\.prisma\client\default.js:43:11)
2025-08-25T16:00:04:     at Object.<anonymous> (c:\projetos\mvp28\src\workers\email-sync-worker.js:7:16)
2025-08-25T16:00:04:     at Module._compile (node:internal/modules/cjs/loader:1376:14)
2025-08-25T16:00:04:     at Module._extensions..js (node:internal/modules/cjs/loader:1435:10)
2025-08-25T16:00:04:     at Module.load (node:internal/modules/cjs/loader:1207:32)
2025-08-25T16:00:04:     at Module._load (node:internal/modules/cjs/loader:1023:12)
2025-08-25T16:00:04:     at Object.<anonymous> (C:\Users\ronaldo\AppData\Roaming\npm\node_modules\pm2\lib\ProcessContainerFork.js:33:23)
2025-08-25T16:00:04:     at Module._compile (node:internal/modules/cjs/loader:1376:14)
2025-08-25T16:00:04:     at Module._extensions..js (node:internal/modules/cjs/loader:1435:10)
2025-08-25T16:00:04:     at Module.load (node:internal/modules/cjs/loader:1207:32)
